[2026-06-12T14:17:55.271+0000] {local_task_job_runner.py:120} INFO - ::group::Pre task execution logs
[2026-06-12T14:17:55.312+0000] {taskinstance.py:2076} INFO - Dependencies all met for dep_context=non-requeueable deps ti=<TaskInstance: loan_default_ml_pipeline.gate_inference scheduled__2024-12-01T00:00:00+00:00 [queued]>
[2026-06-12T14:17:55.323+0000] {taskinstance.py:2076} INFO - Dependencies all met for dep_context=requeueable deps ti=<TaskInstance: loan_default_ml_pipeline.gate_inference scheduled__2024-12-01T00:00:00+00:00 [queued]>
[2026-06-12T14:17:55.324+0000] {taskinstance.py:2306} INFO - Starting attempt 1 of 1
[2026-06-12T14:17:55.344+0000] {taskinstance.py:2330} INFO - Executing <Task(ShortCircuitOperator): gate_inference> on 2024-12-01 00:00:00+00:00
[2026-06-12T14:17:55.350+0000] {standard_task_runner.py:64} INFO - Started process 4310 to run task
[2026-06-12T14:17:55.354+0000] {standard_task_runner.py:90} INFO - Running: ['***', 'tasks', 'run', 'loan_default_ml_pipeline', 'gate_inference', 'scheduled__2024-12-01T00:00:00+00:00', '--job-id', '108', '--raw', '--subdir', 'DAGS_FOLDER/ml_pipeline_dag.py', '--cfg-path', '/tmp/tmp7q_bro2q']
[2026-06-12T14:17:55.356+0000] {standard_task_runner.py:91} INFO - Job 108: Subtask gate_inference
[2026-06-12T14:17:55.419+0000] {task_command.py:426} INFO - Running <TaskInstance: loan_default_ml_pipeline.gate_inference scheduled__2024-12-01T00:00:00+00:00 [running]> on host f330f4bbcab3
[2026-06-12T14:17:55.710+0000] {taskinstance.py:2648} INFO - Exporting env vars: AIRFLOW_CTX_DAG_OWNER='mle' AIRFLOW_CTX_DAG_ID='loan_default_ml_pipeline' AIRFLOW_CTX_TASK_ID='gate_inference' AIRFLOW_CTX_EXECUTION_DATE='2024-12-01T00:00:00+00:00' AIRFLOW_CTX_TRY_NUMBER='1' AIRFLOW_CTX_DAG_RUN_ID='scheduled__2024-12-01T00:00:00+00:00'
[2026-06-12T14:17:55.711+0000] {taskinstance.py:430} INFO - ::endgroup::
[2026-06-12T14:17:55.721+0000] {baseoperator.py:400} WARNING - ShortCircuitOperator.execute cannot be called outside TaskInstance!
[2026-06-12T14:17:55.722+0000] {python.py:237} INFO - Done. Returned value was: False
[2026-06-12T14:17:55.723+0000] {python.py:304} INFO - Condition result is False
[2026-06-12T14:17:55.724+0000] {python.py:331} INFO - Skipping downstream tasks
[2026-06-12T14:17:55.753+0000] {python.py:339} INFO - Done.
[2026-06-12T14:17:55.754+0000] {taskinstance.py:441} INFO - ::group::Post task execution logs
[2026-06-12T14:17:55.779+0000] {taskinstance.py:1206} INFO - Marking task as SUCCESS. dag_id=loan_default_ml_pipeline, task_id=gate_inference, run_id=scheduled__2024-12-01T00:00:00+00:00, execution_date=20241201T000000, start_date=20260612T141755, end_date=20260612T141755
[2026-06-12T14:17:55.808+0000] {local_task_job_runner.py:243} INFO - Task exited with return code 0
[2026-06-12T14:17:55.838+0000] {taskinstance.py:3503} INFO - 0 downstream tasks scheduled from follow-on schedule check
[2026-06-12T14:17:55.844+0000] {local_task_job_runner.py:222} INFO - ::endgroup::
