[2026-06-12T14:14:03.501+0000] {local_task_job_runner.py:120} INFO - ::group::Pre task execution logs
[2026-06-12T14:14:03.548+0000] {taskinstance.py:2076} INFO - Dependencies all met for dep_context=non-requeueable deps ti=<TaskInstance: loan_default_ml_pipeline.gate_training scheduled__2023-02-01T00:00:00+00:00 [queued]>
[2026-06-12T14:14:03.560+0000] {taskinstance.py:2076} INFO - Dependencies all met for dep_context=requeueable deps ti=<TaskInstance: loan_default_ml_pipeline.gate_training scheduled__2023-02-01T00:00:00+00:00 [queued]>
[2026-06-12T14:14:03.562+0000] {taskinstance.py:2306} INFO - Starting attempt 1 of 1
[2026-06-12T14:14:03.582+0000] {taskinstance.py:2330} INFO - Executing <Task(ShortCircuitOperator): gate_training> on 2023-02-01 00:00:00+00:00
[2026-06-12T14:14:03.590+0000] {standard_task_runner.py:64} INFO - Started process 2950 to run task
[2026-06-12T14:14:03.594+0000] {standard_task_runner.py:90} INFO - Running: ['***', 'tasks', 'run', 'loan_default_ml_pipeline', 'gate_training', 'scheduled__2023-02-01T00:00:00+00:00', '--job-id', '7', '--raw', '--subdir', 'DAGS_FOLDER/ml_pipeline_dag.py', '--cfg-path', '/tmp/tmpzv9v9rrp']
[2026-06-12T14:14:03.597+0000] {standard_task_runner.py:91} INFO - Job 7: Subtask gate_training
[2026-06-12T14:14:03.662+0000] {task_command.py:426} INFO - Running <TaskInstance: loan_default_ml_pipeline.gate_training scheduled__2023-02-01T00:00:00+00:00 [running]> on host f330f4bbcab3
[2026-06-12T14:14:04.056+0000] {taskinstance.py:2648} INFO - Exporting env vars: AIRFLOW_CTX_DAG_OWNER='mle' AIRFLOW_CTX_DAG_ID='loan_default_ml_pipeline' AIRFLOW_CTX_TASK_ID='gate_training' AIRFLOW_CTX_EXECUTION_DATE='2023-02-01T00:00:00+00:00' AIRFLOW_CTX_TRY_NUMBER='1' AIRFLOW_CTX_DAG_RUN_ID='scheduled__2023-02-01T00:00:00+00:00'
[2026-06-12T14:14:04.058+0000] {taskinstance.py:430} INFO - ::endgroup::
[2026-06-12T14:14:04.072+0000] {baseoperator.py:400} WARNING - ShortCircuitOperator.execute cannot be called outside TaskInstance!
[2026-06-12T14:14:04.073+0000] {python.py:237} INFO - Done. Returned value was: False
[2026-06-12T14:14:04.075+0000] {python.py:304} INFO - Condition result is False
[2026-06-12T14:14:04.076+0000] {python.py:331} INFO - Skipping downstream tasks
[2026-06-12T14:14:04.116+0000] {python.py:339} INFO - Done.
[2026-06-12T14:14:04.117+0000] {taskinstance.py:441} INFO - ::group::Post task execution logs
[2026-06-12T14:14:04.146+0000] {taskinstance.py:1206} INFO - Marking task as SUCCESS. dag_id=loan_default_ml_pipeline, task_id=gate_training, run_id=scheduled__2023-02-01T00:00:00+00:00, execution_date=20230201T000000, start_date=20260612T141403, end_date=20260612T141404
[2026-06-12T14:14:04.211+0000] {local_task_job_runner.py:243} INFO - Task exited with return code 0
[2026-06-12T14:14:04.227+0000] {local_task_job_runner.py:222} INFO - ::endgroup::
