[2026-06-12T14:42:42.730+0000] {local_task_job_runner.py:120} INFO - ::group::Pre task execution logs
[2026-06-12T14:42:42.757+0000] {taskinstance.py:2076} INFO - Dependencies all met for dep_context=non-requeueable deps ti=<TaskInstance: loan_default_ml_pipeline.run_model_monitoring scheduled__2024-11-01T00:00:00+00:00 [queued]>
[2026-06-12T14:42:42.765+0000] {taskinstance.py:2076} INFO - Dependencies all met for dep_context=requeueable deps ti=<TaskInstance: loan_default_ml_pipeline.run_model_monitoring scheduled__2024-11-01T00:00:00+00:00 [queued]>
[2026-06-12T14:42:42.768+0000] {taskinstance.py:2306} INFO - Starting attempt 2 of 2
[2026-06-12T14:42:42.778+0000] {taskinstance.py:2330} INFO - Executing <Task(PythonOperator): run_model_monitoring> on 2024-11-01 00:00:00+00:00
[2026-06-12T14:42:42.782+0000] {standard_task_runner.py:64} INFO - Started process 5325 to run task
[2026-06-12T14:42:42.784+0000] {standard_task_runner.py:90} INFO - Running: ['***', 'tasks', 'run', 'loan_default_ml_pipeline', 'run_model_monitoring', 'scheduled__2024-11-01T00:00:00+00:00', '--job-id', '119', '--raw', '--subdir', 'DAGS_FOLDER/ml_pipeline_dag.py', '--cfg-path', '/tmp/tmpxxq9kcrs']
[2026-06-12T14:42:42.796+0000] {standard_task_runner.py:91} INFO - Job 119: Subtask run_model_monitoring
[2026-06-12T14:42:42.832+0000] {task_command.py:426} INFO - Running <TaskInstance: loan_default_ml_pipeline.run_model_monitoring scheduled__2024-11-01T00:00:00+00:00 [running]> on host f330f4bbcab3
[2026-06-12T14:42:42.985+0000] {taskinstance.py:2648} INFO - Exporting env vars: AIRFLOW_CTX_DAG_OWNER='mle' AIRFLOW_CTX_DAG_ID='loan_default_ml_pipeline' AIRFLOW_CTX_TASK_ID='run_model_monitoring' AIRFLOW_CTX_EXECUTION_DATE='2024-11-01T00:00:00+00:00' AIRFLOW_CTX_TRY_NUMBER='2' AIRFLOW_CTX_DAG_RUN_ID='scheduled__2024-11-01T00:00:00+00:00'
[2026-06-12T14:42:42.989+0000] {taskinstance.py:430} INFO - ::endgroup::
[2026-06-12T14:42:43.983+0000] {logging_mixin.py:188} INFO - Monitoring run 2024-11-01: evaluating cohort scored at 2024-05-01
[2026-06-12T14:42:44.731+0000] {logging_mixin.py:188} INFO - {'cohort_snapshot_date': '2024-05-01', 'monitored_at': '2024-11-01', 'model_version': 'credit_model_2024-01-01', 'n_scored': 491, 'n_labeled': 491, 'auc': 0.7852152753247773, 'gini': 0.5704305506495546, 'accuracy': 0.7718940936863544, 'precision': 0.6796116504854369, 'recall': 0.4697986577181208, 'f1': 0.5555555555555556, 'predicted_default_rate': 0.29113745182905265, 'actual_default_rate': 0.3034623217922607, 'psi': 0.01941408792801471, 'status': 'OK'}
[2026-06-12T14:42:45.028+0000] {logging_mixin.py:188} INFO - Wrote monitoring metrics to /opt/***/datamart/gold/model_monitoring/cohort_snapshot_date=2024-05-01
[2026-06-12T14:42:45.504+0000] {category.py:223} INFO - Using categorical units to plot a list of strings that are all parsable as floats or dates. If these strings should be plotted as numbers, cast to the appropriate data type before plotting.
[2026-06-12T14:42:45.506+0000] {category.py:223} INFO - Using categorical units to plot a list of strings that are all parsable as floats or dates. If these strings should be plotted as numbers, cast to the appropriate data type before plotting.
[2026-06-12T14:42:45.508+0000] {category.py:223} INFO - Using categorical units to plot a list of strings that are all parsable as floats or dates. If these strings should be plotted as numbers, cast to the appropriate data type before plotting.
[2026-06-12T14:42:45.510+0000] {category.py:223} INFO - Using categorical units to plot a list of strings that are all parsable as floats or dates. If these strings should be plotted as numbers, cast to the appropriate data type before plotting.
[2026-06-12T14:42:45.732+0000] {category.py:223} INFO - Using categorical units to plot a list of strings that are all parsable as floats or dates. If these strings should be plotted as numbers, cast to the appropriate data type before plotting.
[2026-06-12T14:42:45.734+0000] {category.py:223} INFO - Using categorical units to plot a list of strings that are all parsable as floats or dates. If these strings should be plotted as numbers, cast to the appropriate data type before plotting.
[2026-06-12T14:42:45.735+0000] {category.py:223} INFO - Using categorical units to plot a list of strings that are all parsable as floats or dates. If these strings should be plotted as numbers, cast to the appropriate data type before plotting.
[2026-06-12T14:42:45.736+0000] {category.py:223} INFO - Using categorical units to plot a list of strings that are all parsable as floats or dates. If these strings should be plotted as numbers, cast to the appropriate data type before plotting.
[2026-06-12T14:42:45.737+0000] {category.py:223} INFO - Using categorical units to plot a list of strings that are all parsable as floats or dates. If these strings should be plotted as numbers, cast to the appropriate data type before plotting.
[2026-06-12T14:42:45.738+0000] {category.py:223} INFO - Using categorical units to plot a list of strings that are all parsable as floats or dates. If these strings should be plotted as numbers, cast to the appropriate data type before plotting.
[2026-06-12T14:42:45.739+0000] {category.py:223} INFO - Using categorical units to plot a list of strings that are all parsable as floats or dates. If these strings should be plotted as numbers, cast to the appropriate data type before plotting.
[2026-06-12T14:42:45.740+0000] {category.py:223} INFO - Using categorical units to plot a list of strings that are all parsable as floats or dates. If these strings should be plotted as numbers, cast to the appropriate data type before plotting.
[2026-06-12T14:42:45.876+0000] {category.py:223} INFO - Using categorical units to plot a list of strings that are all parsable as floats or dates. If these strings should be plotted as numbers, cast to the appropriate data type before plotting.
[2026-06-12T14:42:45.877+0000] {category.py:223} INFO - Using categorical units to plot a list of strings that are all parsable as floats or dates. If these strings should be plotted as numbers, cast to the appropriate data type before plotting.
[2026-06-12T14:42:45.881+0000] {category.py:223} INFO - Using categorical units to plot a list of strings that are all parsable as floats or dates. If these strings should be plotted as numbers, cast to the appropriate data type before plotting.
[2026-06-12T14:42:45.882+0000] {category.py:223} INFO - Using categorical units to plot a list of strings that are all parsable as floats or dates. If these strings should be plotted as numbers, cast to the appropriate data type before plotting.
[2026-06-12T14:42:46.009+0000] {category.py:223} INFO - Using categorical units to plot a list of strings that are all parsable as floats or dates. If these strings should be plotted as numbers, cast to the appropriate data type before plotting.
[2026-06-12T14:42:46.010+0000] {category.py:223} INFO - Using categorical units to plot a list of strings that are all parsable as floats or dates. If these strings should be plotted as numbers, cast to the appropriate data type before plotting.
[2026-06-12T14:42:46.127+0000] {logging_mixin.py:188} INFO - Charts refreshed in /opt/***/datamart/gold/monitoring_viz
[2026-06-12T14:42:46.130+0000] {python.py:237} INFO - Done. Returned value was: None
[2026-06-12T14:42:46.131+0000] {taskinstance.py:441} INFO - ::group::Post task execution logs
[2026-06-12T14:42:46.140+0000] {taskinstance.py:1206} INFO - Marking task as SUCCESS. dag_id=loan_default_ml_pipeline, task_id=run_model_monitoring, run_id=scheduled__2024-11-01T00:00:00+00:00, execution_date=20241101T000000, start_date=20260612T144242, end_date=20260612T144246
[2026-06-12T14:42:46.169+0000] {local_task_job_runner.py:243} INFO - Task exited with return code 0
[2026-06-12T14:42:46.182+0000] {taskinstance.py:3503} INFO - 0 downstream tasks scheduled from follow-on schedule check
[2026-06-12T14:42:46.186+0000] {local_task_job_runner.py:222} INFO - ::endgroup::
