[2026-06-12T14:17:56.832+0000] {local_task_job_runner.py:120} INFO - ::group::Pre task execution logs
[2026-06-12T14:17:56.873+0000] {taskinstance.py:2076} INFO - Dependencies all met for dep_context=non-requeueable deps ti=<TaskInstance: loan_default_ml_pipeline.gate_monitoring scheduled__2024-12-01T00:00:00+00:00 [queued]>
[2026-06-12T14:17:56.884+0000] {taskinstance.py:2076} INFO - Dependencies all met for dep_context=requeueable deps ti=<TaskInstance: loan_default_ml_pipeline.gate_monitoring scheduled__2024-12-01T00:00:00+00:00 [queued]>
[2026-06-12T14:17:56.885+0000] {taskinstance.py:2306} INFO - Starting attempt 1 of 1
[2026-06-12T14:17:56.906+0000] {taskinstance.py:2330} INFO - Executing <Task(ShortCircuitOperator): gate_monitoring> on 2024-12-01 00:00:00+00:00
[2026-06-12T14:17:56.913+0000] {standard_task_runner.py:64} INFO - Started process 4312 to run task
[2026-06-12T14:17:56.917+0000] {standard_task_runner.py:90} INFO - Running: ['***', 'tasks', 'run', 'loan_default_ml_pipeline', 'gate_monitoring', 'scheduled__2024-12-01T00:00:00+00:00', '--job-id', '109', '--raw', '--subdir', 'DAGS_FOLDER/ml_pipeline_dag.py', '--cfg-path', '/tmp/tmpraen871x']
[2026-06-12T14:17:56.919+0000] {standard_task_runner.py:91} INFO - Job 109: Subtask gate_monitoring
[2026-06-12T14:17:56.982+0000] {task_command.py:426} INFO - Running <TaskInstance: loan_default_ml_pipeline.gate_monitoring scheduled__2024-12-01T00:00:00+00:00 [running]> on host f330f4bbcab3
[2026-06-12T14:17:57.257+0000] {taskinstance.py:2648} INFO - Exporting env vars: AIRFLOW_CTX_DAG_OWNER='mle' AIRFLOW_CTX_DAG_ID='loan_default_ml_pipeline' AIRFLOW_CTX_TASK_ID='gate_monitoring' AIRFLOW_CTX_EXECUTION_DATE='2024-12-01T00:00:00+00:00' AIRFLOW_CTX_TRY_NUMBER='1' AIRFLOW_CTX_DAG_RUN_ID='scheduled__2024-12-01T00:00:00+00:00'
[2026-06-12T14:17:57.259+0000] {taskinstance.py:430} INFO - ::endgroup::
[2026-06-12T14:17:57.271+0000] {baseoperator.py:400} WARNING - ShortCircuitOperator.execute cannot be called outside TaskInstance!
[2026-06-12T14:17:57.272+0000] {python.py:237} INFO - Done. Returned value was: True
[2026-06-12T14:17:57.273+0000] {python.py:304} INFO - Condition result is True
[2026-06-12T14:17:57.274+0000] {python.py:307} INFO - Proceeding with downstream tasks...
[2026-06-12T14:17:57.274+0000] {taskinstance.py:441} INFO - ::group::Post task execution logs
[2026-06-12T14:17:57.300+0000] {taskinstance.py:1206} INFO - Marking task as SUCCESS. dag_id=loan_default_ml_pipeline, task_id=gate_monitoring, run_id=scheduled__2024-12-01T00:00:00+00:00, execution_date=20241201T000000, start_date=20260612T141756, end_date=20260612T141757
[2026-06-12T14:17:57.330+0000] {local_task_job_runner.py:243} INFO - Task exited with return code 0
[2026-06-12T14:17:57.533+0000] {taskinstance.py:3503} INFO - 1 downstream tasks scheduled from follow-on schedule check
[2026-06-12T14:17:57.540+0000] {local_task_job_runner.py:222} INFO - ::endgroup::
