[2026-06-12T14:16:08.592+0000] {local_task_job_runner.py:120} INFO - ::group::Pre task execution logs
[2026-06-12T14:16:08.630+0000] {taskinstance.py:2076} INFO - Dependencies all met for dep_context=non-requeueable deps ti=<TaskInstance: loan_default_ml_pipeline.gate_training scheduled__2024-02-01T00:00:00+00:00 [queued]>
[2026-06-12T14:16:08.641+0000] {taskinstance.py:2076} INFO - Dependencies all met for dep_context=requeueable deps ti=<TaskInstance: loan_default_ml_pipeline.gate_training scheduled__2024-02-01T00:00:00+00:00 [queued]>
[2026-06-12T14:16:08.642+0000] {taskinstance.py:2306} INFO - Starting attempt 1 of 1
[2026-06-12T14:16:08.662+0000] {taskinstance.py:2330} INFO - Executing <Task(ShortCircuitOperator): gate_training> on 2024-02-01 00:00:00+00:00
[2026-06-12T14:16:08.669+0000] {standard_task_runner.py:64} INFO - Started process 3368 to run task
[2026-06-12T14:16:08.674+0000] {standard_task_runner.py:90} INFO - Running: ['***', 'tasks', 'run', 'loan_default_ml_pipeline', 'gate_training', 'scheduled__2024-02-01T00:00:00+00:00', '--job-id', '57', '--raw', '--subdir', 'DAGS_FOLDER/ml_pipeline_dag.py', '--cfg-path', '/tmp/tmpkhube8de']
[2026-06-12T14:16:08.678+0000] {standard_task_runner.py:91} INFO - Job 57: Subtask gate_training
[2026-06-12T14:16:08.754+0000] {task_command.py:426} INFO - Running <TaskInstance: loan_default_ml_pipeline.gate_training scheduled__2024-02-01T00:00:00+00:00 [running]> on host f330f4bbcab3
[2026-06-12T14:16:09.046+0000] {taskinstance.py:2648} INFO - Exporting env vars: AIRFLOW_CTX_DAG_OWNER='mle' AIRFLOW_CTX_DAG_ID='loan_default_ml_pipeline' AIRFLOW_CTX_TASK_ID='gate_training' AIRFLOW_CTX_EXECUTION_DATE='2024-02-01T00:00:00+00:00' AIRFLOW_CTX_TRY_NUMBER='1' AIRFLOW_CTX_DAG_RUN_ID='scheduled__2024-02-01T00:00:00+00:00'
[2026-06-12T14:16:09.047+0000] {taskinstance.py:430} INFO - ::endgroup::
[2026-06-12T14:16:09.058+0000] {baseoperator.py:400} WARNING - ShortCircuitOperator.execute cannot be called outside TaskInstance!
[2026-06-12T14:16:09.058+0000] {python.py:237} INFO - Done. Returned value was: False
[2026-06-12T14:16:09.060+0000] {python.py:304} INFO - Condition result is False
[2026-06-12T14:16:09.061+0000] {python.py:331} INFO - Skipping downstream tasks
[2026-06-12T14:16:09.092+0000] {python.py:339} INFO - Done.
[2026-06-12T14:16:09.093+0000] {taskinstance.py:441} INFO - ::group::Post task execution logs
[2026-06-12T14:16:09.118+0000] {taskinstance.py:1206} INFO - Marking task as SUCCESS. dag_id=loan_default_ml_pipeline, task_id=gate_training, run_id=scheduled__2024-02-01T00:00:00+00:00, execution_date=20240201T000000, start_date=20260612T141608, end_date=20260612T141609
[2026-06-12T14:16:09.174+0000] {local_task_job_runner.py:243} INFO - Task exited with return code 0
[2026-06-12T14:16:09.206+0000] {taskinstance.py:3503} INFO - 0 downstream tasks scheduled from follow-on schedule check
[2026-06-12T14:16:09.211+0000] {local_task_job_runner.py:222} INFO - ::endgroup::
