[2026-06-12T14:15:43.351+0000] {local_task_job_runner.py:120} INFO - ::group::Pre task execution logs
[2026-06-12T14:15:43.408+0000] {taskinstance.py:2076} INFO - Dependencies all met for dep_context=non-requeueable deps ti=<TaskInstance: loan_default_ml_pipeline.train_and_select_model scheduled__2024-01-01T00:00:00+00:00 [queued]>
[2026-06-12T14:15:43.427+0000] {taskinstance.py:2076} INFO - Dependencies all met for dep_context=requeueable deps ti=<TaskInstance: loan_default_ml_pipeline.train_and_select_model scheduled__2024-01-01T00:00:00+00:00 [queued]>
[2026-06-12T14:15:43.428+0000] {taskinstance.py:2306} INFO - Starting attempt 1 of 1
[2026-06-12T14:15:43.451+0000] {taskinstance.py:2330} INFO - Executing <Task(PythonOperator): train_and_select_model> on 2024-01-01 00:00:00+00:00
[2026-06-12T14:15:43.459+0000] {standard_task_runner.py:64} INFO - Started process 3083 to run task
[2026-06-12T14:15:43.464+0000] {standard_task_runner.py:90} INFO - Running: ['***', 'tasks', 'run', 'loan_default_ml_pipeline', 'train_and_select_model', 'scheduled__2024-01-01T00:00:00+00:00', '--job-id', '52', '--raw', '--subdir', 'DAGS_FOLDER/ml_pipeline_dag.py', '--cfg-path', '/tmp/tmpgemqf7c7']
[2026-06-12T14:15:43.468+0000] {standard_task_runner.py:91} INFO - Job 52: Subtask train_and_select_model
[2026-06-12T14:15:43.543+0000] {task_command.py:426} INFO - Running <TaskInstance: loan_default_ml_pipeline.train_and_select_model scheduled__2024-01-01T00:00:00+00:00 [running]> on host f330f4bbcab3
[2026-06-12T14:15:43.879+0000] {taskinstance.py:2648} INFO - Exporting env vars: AIRFLOW_CTX_DAG_OWNER='mle' AIRFLOW_CTX_DAG_ID='loan_default_ml_pipeline' AIRFLOW_CTX_TASK_ID='train_and_select_model' AIRFLOW_CTX_EXECUTION_DATE='2024-01-01T00:00:00+00:00' AIRFLOW_CTX_TRY_NUMBER='1' AIRFLOW_CTX_DAG_RUN_ID='scheduled__2024-01-01T00:00:00+00:00'
[2026-06-12T14:15:43.881+0000] {taskinstance.py:430} INFO - ::endgroup::
[2026-06-12T14:15:48.471+0000] {logging_mixin.py:188} INFO - Training model for deployment at 2024-01-01
[2026-06-12T14:15:49.839+0000] {logging_mixin.py:188} INFO - Train rows: 2568, OOT rows: 988, features: 72
[2026-06-12T14:15:51.478+0000] {logging_mixin.py:188} INFO -   logistic_regression: {'train_auc': 0.8059660330592939, 'test_auc': 0.7788096164896474, 'oot_auc': 0.797488664463028}
[2026-06-12T14:15:52.821+0000] {logging_mixin.py:188} WARNING - /home/***/.local/lib/python3.11/site-packages/sklearn/ensemble/_base.py:168 UserWarning: Loky-backed parallel loops cannot be called in a multiprocessing, setting n_jobs=1
[2026-06-12T14:15:52.904+0000] {logging_mixin.py:188} WARNING - /home/***/.local/lib/python3.11/site-packages/sklearn/ensemble/_base.py:168 UserWarning: Loky-backed parallel loops cannot be called in a multiprocessing, setting n_jobs=1
[2026-06-12T14:15:52.937+0000] {logging_mixin.py:188} WARNING - /home/***/.local/lib/python3.11/site-packages/sklearn/ensemble/_base.py:168 UserWarning: Loky-backed parallel loops cannot be called in a multiprocessing, setting n_jobs=1
[2026-06-12T14:15:52.978+0000] {logging_mixin.py:188} INFO -   random_forest: {'train_auc': 0.9874977454283105, 'test_auc': 0.7783647518953084, 'oot_auc': 0.7843937709129868}
[2026-06-12T14:15:53.655+0000] {logging_mixin.py:188} INFO -   hist_gradient_boosting: {'train_auc': 1.0, 'test_auc': 0.7909692487349163, 'oot_auc': 0.7849624518271414}
[2026-06-12T14:15:53.657+0000] {logging_mixin.py:188} INFO - Selected model: logistic_regression (OOT AUC 0.7975)
[2026-06-12T14:15:54.455+0000] {logging_mixin.py:188} INFO - Model artefact saved to /opt/***/model_bank/credit_model_2024-01-01
[2026-06-12T14:15:54.462+0000] {python.py:237} INFO - Done. Returned value was: None
[2026-06-12T14:15:54.466+0000] {taskinstance.py:441} INFO - ::group::Post task execution logs
[2026-06-12T14:15:54.506+0000] {taskinstance.py:1206} INFO - Marking task as SUCCESS. dag_id=loan_default_ml_pipeline, task_id=train_and_select_model, run_id=scheduled__2024-01-01T00:00:00+00:00, execution_date=20240101T000000, start_date=20260612T141543, end_date=20260612T141554
[2026-06-12T14:15:54.597+0000] {local_task_job_runner.py:243} INFO - Task exited with return code 0
[2026-06-12T14:15:54.845+0000] {taskinstance.py:3503} INFO - 1 downstream tasks scheduled from follow-on schedule check
[2026-06-12T14:15:54.851+0000] {local_task_job_runner.py:222} INFO - ::endgroup::
