[2026-06-12T14:14:48.284+0000] {local_task_job_runner.py:120} INFO - ::group::Pre task execution logs
[2026-06-12T14:14:48.346+0000] {taskinstance.py:2076} INFO - Dependencies all met for dep_context=non-requeueable deps ti=<TaskInstance: loan_default_ml_pipeline.gate_monitoring scheduled__2023-07-01T00:00:00+00:00 [queued]>
[2026-06-12T14:14:48.363+0000] {taskinstance.py:2076} INFO - Dependencies all met for dep_context=requeueable deps ti=<TaskInstance: loan_default_ml_pipeline.gate_monitoring scheduled__2023-07-01T00:00:00+00:00 [queued]>
[2026-06-12T14:14:48.364+0000] {taskinstance.py:2306} INFO - Starting attempt 1 of 1
[2026-06-12T14:14:48.391+0000] {taskinstance.py:2330} INFO - Executing <Task(ShortCircuitOperator): gate_monitoring> on 2023-07-01 00:00:00+00:00
[2026-06-12T14:14:48.401+0000] {standard_task_runner.py:64} INFO - Started process 3013 to run task
[2026-06-12T14:14:48.405+0000] {standard_task_runner.py:90} INFO - Running: ['***', 'tasks', 'run', 'loan_default_ml_pipeline', 'gate_monitoring', 'scheduled__2023-07-01T00:00:00+00:00', '--job-id', '29', '--raw', '--subdir', 'DAGS_FOLDER/ml_pipeline_dag.py', '--cfg-path', '/tmp/tmpsp4y9bmm']
[2026-06-12T14:14:48.410+0000] {standard_task_runner.py:91} INFO - Job 29: Subtask gate_monitoring
[2026-06-12T14:14:48.504+0000] {task_command.py:426} INFO - Running <TaskInstance: loan_default_ml_pipeline.gate_monitoring scheduled__2023-07-01T00:00:00+00:00 [running]> on host f330f4bbcab3
[2026-06-12T14:14:48.893+0000] {taskinstance.py:2648} INFO - Exporting env vars: AIRFLOW_CTX_DAG_OWNER='mle' AIRFLOW_CTX_DAG_ID='loan_default_ml_pipeline' AIRFLOW_CTX_TASK_ID='gate_monitoring' AIRFLOW_CTX_EXECUTION_DATE='2023-07-01T00:00:00+00:00' AIRFLOW_CTX_TRY_NUMBER='1' AIRFLOW_CTX_DAG_RUN_ID='scheduled__2023-07-01T00:00:00+00:00'
[2026-06-12T14:14:48.894+0000] {taskinstance.py:430} INFO - ::endgroup::
[2026-06-12T14:14:48.913+0000] {baseoperator.py:400} WARNING - ShortCircuitOperator.execute cannot be called outside TaskInstance!
[2026-06-12T14:14:48.916+0000] {python.py:237} INFO - Done. Returned value was: False
[2026-06-12T14:14:48.918+0000] {python.py:304} INFO - Condition result is False
[2026-06-12T14:14:48.920+0000] {python.py:331} INFO - Skipping downstream tasks
[2026-06-12T14:14:48.966+0000] {python.py:339} INFO - Done.
[2026-06-12T14:14:48.967+0000] {taskinstance.py:441} INFO - ::group::Post task execution logs
[2026-06-12T14:14:49.005+0000] {taskinstance.py:1206} INFO - Marking task as SUCCESS. dag_id=loan_default_ml_pipeline, task_id=gate_monitoring, run_id=scheduled__2023-07-01T00:00:00+00:00, execution_date=20230701T000000, start_date=20260612T141448, end_date=20260612T141449
[2026-06-12T14:14:49.063+0000] {local_task_job_runner.py:243} INFO - Task exited with return code 0
[2026-06-12T14:14:49.098+0000] {taskinstance.py:3503} INFO - 0 downstream tasks scheduled from follow-on schedule check
[2026-06-12T14:14:49.107+0000] {local_task_job_runner.py:222} INFO - ::endgroup::
