[2026-06-12T14:17:32.649+0000] {local_task_job_runner.py:120} INFO - ::group::Pre task execution logs
[2026-06-12T14:17:32.691+0000] {taskinstance.py:2076} INFO - Dependencies all met for dep_context=non-requeueable deps ti=<TaskInstance: loan_default_ml_pipeline.gate_training scheduled__2024-10-01T00:00:00+00:00 [queued]>
[2026-06-12T14:17:32.702+0000] {taskinstance.py:2076} INFO - Dependencies all met for dep_context=requeueable deps ti=<TaskInstance: loan_default_ml_pipeline.gate_training scheduled__2024-10-01T00:00:00+00:00 [queued]>
[2026-06-12T14:17:32.704+0000] {taskinstance.py:2306} INFO - Starting attempt 1 of 1
[2026-06-12T14:17:32.723+0000] {taskinstance.py:2330} INFO - Executing <Task(ShortCircuitOperator): gate_training> on 2024-10-01 00:00:00+00:00
[2026-06-12T14:17:32.730+0000] {standard_task_runner.py:64} INFO - Started process 4171 to run task
[2026-06-12T14:17:32.734+0000] {standard_task_runner.py:90} INFO - Running: ['***', 'tasks', 'run', 'loan_default_ml_pipeline', 'gate_training', 'scheduled__2024-10-01T00:00:00+00:00', '--job-id', '97', '--raw', '--subdir', 'DAGS_FOLDER/ml_pipeline_dag.py', '--cfg-path', '/tmp/tmpwyjeoxk9']
[2026-06-12T14:17:32.737+0000] {standard_task_runner.py:91} INFO - Job 97: Subtask gate_training
[2026-06-12T14:17:32.798+0000] {task_command.py:426} INFO - Running <TaskInstance: loan_default_ml_pipeline.gate_training scheduled__2024-10-01T00:00:00+00:00 [running]> on host f330f4bbcab3
[2026-06-12T14:17:33.051+0000] {taskinstance.py:2648} INFO - Exporting env vars: AIRFLOW_CTX_DAG_OWNER='mle' AIRFLOW_CTX_DAG_ID='loan_default_ml_pipeline' AIRFLOW_CTX_TASK_ID='gate_training' AIRFLOW_CTX_EXECUTION_DATE='2024-10-01T00:00:00+00:00' AIRFLOW_CTX_TRY_NUMBER='1' AIRFLOW_CTX_DAG_RUN_ID='scheduled__2024-10-01T00:00:00+00:00'
[2026-06-12T14:17:33.052+0000] {taskinstance.py:430} INFO - ::endgroup::
[2026-06-12T14:17:33.064+0000] {baseoperator.py:400} WARNING - ShortCircuitOperator.execute cannot be called outside TaskInstance!
[2026-06-12T14:17:33.065+0000] {python.py:237} INFO - Done. Returned value was: False
[2026-06-12T14:17:33.066+0000] {python.py:304} INFO - Condition result is False
[2026-06-12T14:17:33.066+0000] {python.py:331} INFO - Skipping downstream tasks
[2026-06-12T14:17:33.095+0000] {python.py:339} INFO - Done.
[2026-06-12T14:17:33.096+0000] {taskinstance.py:441} INFO - ::group::Post task execution logs
[2026-06-12T14:17:33.120+0000] {taskinstance.py:1206} INFO - Marking task as SUCCESS. dag_id=loan_default_ml_pipeline, task_id=gate_training, run_id=scheduled__2024-10-01T00:00:00+00:00, execution_date=20241001T000000, start_date=20260612T141732, end_date=20260612T141733
[2026-06-12T14:17:33.148+0000] {local_task_job_runner.py:243} INFO - Task exited with return code 0
[2026-06-12T14:17:33.177+0000] {taskinstance.py:3503} INFO - 0 downstream tasks scheduled from follow-on schedule check
[2026-06-12T14:17:33.182+0000] {local_task_job_runner.py:222} INFO - ::endgroup::
