[2026-06-12T14:17:36.830+0000] {local_task_job_runner.py:120} INFO - ::group::Pre task execution logs
[2026-06-12T14:17:36.879+0000] {taskinstance.py:2076} INFO - Dependencies all met for dep_context=non-requeueable deps ti=<TaskInstance: loan_default_ml_pipeline.run_model_monitoring scheduled__2024-10-01T00:00:00+00:00 [queued]>
[2026-06-12T14:17:36.897+0000] {taskinstance.py:2076} INFO - Dependencies all met for dep_context=requeueable deps ti=<TaskInstance: loan_default_ml_pipeline.run_model_monitoring scheduled__2024-10-01T00:00:00+00:00 [queued]>
[2026-06-12T14:17:36.899+0000] {taskinstance.py:2306} INFO - Starting attempt 1 of 1
[2026-06-12T14:17:36.915+0000] {taskinstance.py:2330} INFO - Executing <Task(PythonOperator): run_model_monitoring> on 2024-10-01 00:00:00+00:00
[2026-06-12T14:17:36.922+0000] {standard_task_runner.py:64} INFO - Started process 4177 to run task
[2026-06-12T14:17:36.927+0000] {standard_task_runner.py:90} INFO - Running: ['***', 'tasks', 'run', 'loan_default_ml_pipeline', 'run_model_monitoring', 'scheduled__2024-10-01T00:00:00+00:00', '--job-id', '100', '--raw', '--subdir', 'DAGS_FOLDER/ml_pipeline_dag.py', '--cfg-path', '/tmp/tmpxgqg5o5w']
[2026-06-12T14:17:36.930+0000] {standard_task_runner.py:91} INFO - Job 100: Subtask run_model_monitoring
[2026-06-12T14:17:36.998+0000] {task_command.py:426} INFO - Running <TaskInstance: loan_default_ml_pipeline.run_model_monitoring scheduled__2024-10-01T00:00:00+00:00 [running]> on host f330f4bbcab3
[2026-06-12T14:17:37.345+0000] {taskinstance.py:2648} INFO - Exporting env vars: AIRFLOW_CTX_DAG_OWNER='mle' AIRFLOW_CTX_DAG_ID='loan_default_ml_pipeline' AIRFLOW_CTX_TASK_ID='run_model_monitoring' AIRFLOW_CTX_EXECUTION_DATE='2024-10-01T00:00:00+00:00' AIRFLOW_CTX_TRY_NUMBER='1' AIRFLOW_CTX_DAG_RUN_ID='scheduled__2024-10-01T00:00:00+00:00'
[2026-06-12T14:17:37.346+0000] {taskinstance.py:430} INFO - ::endgroup::
[2026-06-12T14:17:39.012+0000] {logging_mixin.py:188} INFO - Monitoring run 2024-10-01: evaluating cohort scored at 2024-04-01
[2026-06-12T14:17:39.469+0000] {logging_mixin.py:188} INFO - {'cohort_snapshot_date': '2024-04-01', 'monitored_at': '2024-10-01', 'model_version': 'credit_model_2024-01-01', 'n_scored': 512, 'n_labeled': 512, 'auc': 0.7517157003307144, 'gini': 0.5034314006614289, 'accuracy': 0.755859375, 'precision': 0.5833333333333334, 'recall': 0.3971631205673759, 'f1': 0.47257383966244726, 'predicted_default_rate': 0.28735778184646416, 'actual_default_rate': 0.275390625, 'psi': 0.03309382336434011, 'status': 'OK'}
[2026-06-12T14:17:39.541+0000] {logging_mixin.py:188} INFO - Wrote monitoring metrics to /opt/***/datamart/gold/model_monitoring/cohort_snapshot_date=2024-04-01
[2026-06-12T14:17:40.155+0000] {taskinstance.py:441} INFO - ::group::Post task execution logs
[2026-06-12T14:17:40.156+0000] {taskinstance.py:2905} ERROR - Task failed with exception
Traceback (most recent call last):
  File "/home/airflow/.local/lib/python3.11/site-packages/pandas/core/indexes/base.py", line 3791, in get_loc
    return self._engine.get_loc(casted_key)
           ^^^^^^^^^^^^^^^^^^^^^^^^^^^^^^^^
  File "index.pyx", line 152, in pandas._libs.index.IndexEngine.get_loc
  File "index.pyx", line 181, in pandas._libs.index.IndexEngine.get_loc
  File "pandas/_libs/hashtable_class_helper.pxi", line 7080, in pandas._libs.hashtable.PyObjectHashTable.get_item
  File "pandas/_libs/hashtable_class_helper.pxi", line 7088, in pandas._libs.hashtable.PyObjectHashTable.get_item
KeyError: 'cohort_snapshot_date'

The above exception was the direct cause of the following exception:

Traceback (most recent call last):
  File "/home/airflow/.local/lib/python3.11/site-packages/airflow/models/taskinstance.py", line 465, in _execute_task
    result = _execute_callable(context=context, **execute_callable_kwargs)
             ^^^^^^^^^^^^^^^^^^^^^^^^^^^^^^^^^^^^^^^^^^^^^^^^^^^^^^^^^^^^^
  File "/home/airflow/.local/lib/python3.11/site-packages/airflow/models/taskinstance.py", line 432, in _execute_callable
    return execute_callable(context=context, **execute_callable_kwargs)
           ^^^^^^^^^^^^^^^^^^^^^^^^^^^^^^^^^^^^^^^^^^^^^^^^^^^^^^^^^^^^
  File "/home/airflow/.local/lib/python3.11/site-packages/airflow/models/baseoperator.py", line 401, in wrapper
    return func(self, *args, **kwargs)
           ^^^^^^^^^^^^^^^^^^^^^^^^^^^
  File "/home/airflow/.local/lib/python3.11/site-packages/airflow/operators/python.py", line 235, in execute
    return_value = self.execute_callable()
                   ^^^^^^^^^^^^^^^^^^^^^^^
  File "/home/airflow/.local/lib/python3.11/site-packages/airflow/operators/python.py", line 252, in execute_callable
    return self.python_callable(*self.op_args, **self.op_kwargs)
           ^^^^^^^^^^^^^^^^^^^^^^^^^^^^^^^^^^^^^^^^^^^^^^^^^^^^^
  File "/opt/airflow/dags/ml_pipeline_dag.py", line 59, in _monitoring
    model_monitoring.run_monitoring(ds)
  File "/opt/airflow/utils/model_monitoring.py", line 93, in run_monitoring
    refresh_charts()
  File "/opt/airflow/utils/model_monitoring.py", line 111, in refresh_charts
    df = load_monitoring_table()
         ^^^^^^^^^^^^^^^^^^^^^^^
  File "/opt/airflow/utils/model_monitoring.py", line 99, in load_monitoring_table
    df["cohort_snapshot_date"] = df["cohort_snapshot_date"].astype(str)
                                 ~~^^^^^^^^^^^^^^^^^^^^^^^^
  File "/home/airflow/.local/lib/python3.11/site-packages/pandas/core/frame.py", line 3893, in __getitem__
    indexer = self.columns.get_loc(key)
              ^^^^^^^^^^^^^^^^^^^^^^^^^
  File "/home/airflow/.local/lib/python3.11/site-packages/pandas/core/indexes/base.py", line 3798, in get_loc
    raise KeyError(key) from err
KeyError: 'cohort_snapshot_date'
[2026-06-12T14:17:40.188+0000] {taskinstance.py:1206} INFO - Marking task as FAILED. dag_id=loan_default_ml_pipeline, task_id=run_model_monitoring, run_id=scheduled__2024-10-01T00:00:00+00:00, execution_date=20241001T000000, start_date=20260612T141736, end_date=20260612T141740
[2026-06-12T14:17:40.206+0000] {standard_task_runner.py:110} ERROR - Failed to execute job 100 for task run_model_monitoring ('cohort_snapshot_date'; 4177)
[2026-06-12T14:17:40.246+0000] {local_task_job_runner.py:243} INFO - Task exited with return code 1
[2026-06-12T14:17:40.274+0000] {taskinstance.py:3503} INFO - 0 downstream tasks scheduled from follow-on schedule check
[2026-06-12T14:17:40.446+0000] {local_task_job_runner.py:222} INFO - ::endgroup::
