[2026-06-12T14:42:37.595+0000] {local_task_job_runner.py:120} INFO - ::group::Pre task execution logs
[2026-06-12T14:42:37.621+0000] {taskinstance.py:2076} INFO - Dependencies all met for dep_context=non-requeueable deps ti=<TaskInstance: loan_default_ml_pipeline.run_model_monitoring scheduled__2024-10-01T00:00:00+00:00 [queued]>
[2026-06-12T14:42:37.628+0000] {taskinstance.py:2076} INFO - Dependencies all met for dep_context=requeueable deps ti=<TaskInstance: loan_default_ml_pipeline.run_model_monitoring scheduled__2024-10-01T00:00:00+00:00 [queued]>
[2026-06-12T14:42:37.631+0000] {taskinstance.py:2306} INFO - Starting attempt 2 of 2
[2026-06-12T14:42:37.640+0000] {taskinstance.py:2330} INFO - Executing <Task(PythonOperator): run_model_monitoring> on 2024-10-01 00:00:00+00:00
[2026-06-12T14:42:37.645+0000] {standard_task_runner.py:64} INFO - Started process 5238 to run task
[2026-06-12T14:42:37.647+0000] {standard_task_runner.py:90} INFO - Running: ['***', 'tasks', 'run', 'loan_default_ml_pipeline', 'run_model_monitoring', 'scheduled__2024-10-01T00:00:00+00:00', '--job-id', '118', '--raw', '--subdir', 'DAGS_FOLDER/ml_pipeline_dag.py', '--cfg-path', '/tmp/tmpkp54qqxe']
[2026-06-12T14:42:37.649+0000] {standard_task_runner.py:91} INFO - Job 118: Subtask run_model_monitoring
[2026-06-12T14:42:37.683+0000] {task_command.py:426} INFO - Running <TaskInstance: loan_default_ml_pipeline.run_model_monitoring scheduled__2024-10-01T00:00:00+00:00 [running]> on host f330f4bbcab3
[2026-06-12T14:42:37.829+0000] {taskinstance.py:2648} INFO - Exporting env vars: AIRFLOW_CTX_DAG_OWNER='mle' AIRFLOW_CTX_DAG_ID='loan_default_ml_pipeline' AIRFLOW_CTX_TASK_ID='run_model_monitoring' AIRFLOW_CTX_EXECUTION_DATE='2024-10-01T00:00:00+00:00' AIRFLOW_CTX_TRY_NUMBER='2' AIRFLOW_CTX_DAG_RUN_ID='scheduled__2024-10-01T00:00:00+00:00'
[2026-06-12T14:42:37.832+0000] {taskinstance.py:430} INFO - ::endgroup::
[2026-06-12T14:42:38.808+0000] {logging_mixin.py:188} INFO - Monitoring run 2024-10-01: evaluating cohort scored at 2024-04-01
[2026-06-12T14:42:39.645+0000] {logging_mixin.py:188} INFO - {'cohort_snapshot_date': '2024-04-01', 'monitored_at': '2024-10-01', 'model_version': 'credit_model_2024-01-01', 'n_scored': 512, 'n_labeled': 512, 'auc': 0.7517157003307144, 'gini': 0.5034314006614289, 'accuracy': 0.755859375, 'precision': 0.5833333333333334, 'recall': 0.3971631205673759, 'f1': 0.47257383966244726, 'predicted_default_rate': 0.28735778184646416, 'actual_default_rate': 0.275390625, 'psi': 0.03309382336434011, 'status': 'OK'}
[2026-06-12T14:42:39.945+0000] {logging_mixin.py:188} INFO - Wrote monitoring metrics to /opt/***/datamart/gold/model_monitoring/cohort_snapshot_date=2024-04-01
[2026-06-12T14:42:40.523+0000] {category.py:223} INFO - Using categorical units to plot a list of strings that are all parsable as floats or dates. If these strings should be plotted as numbers, cast to the appropriate data type before plotting.
[2026-06-12T14:42:40.526+0000] {category.py:223} INFO - Using categorical units to plot a list of strings that are all parsable as floats or dates. If these strings should be plotted as numbers, cast to the appropriate data type before plotting.
[2026-06-12T14:42:40.528+0000] {category.py:223} INFO - Using categorical units to plot a list of strings that are all parsable as floats or dates. If these strings should be plotted as numbers, cast to the appropriate data type before plotting.
[2026-06-12T14:42:40.529+0000] {category.py:223} INFO - Using categorical units to plot a list of strings that are all parsable as floats or dates. If these strings should be plotted as numbers, cast to the appropriate data type before plotting.
[2026-06-12T14:42:40.785+0000] {category.py:223} INFO - Using categorical units to plot a list of strings that are all parsable as floats or dates. If these strings should be plotted as numbers, cast to the appropriate data type before plotting.
[2026-06-12T14:42:40.787+0000] {category.py:223} INFO - Using categorical units to plot a list of strings that are all parsable as floats or dates. If these strings should be plotted as numbers, cast to the appropriate data type before plotting.
[2026-06-12T14:42:40.788+0000] {category.py:223} INFO - Using categorical units to plot a list of strings that are all parsable as floats or dates. If these strings should be plotted as numbers, cast to the appropriate data type before plotting.
[2026-06-12T14:42:40.789+0000] {category.py:223} INFO - Using categorical units to plot a list of strings that are all parsable as floats or dates. If these strings should be plotted as numbers, cast to the appropriate data type before plotting.
[2026-06-12T14:42:40.790+0000] {category.py:223} INFO - Using categorical units to plot a list of strings that are all parsable as floats or dates. If these strings should be plotted as numbers, cast to the appropriate data type before plotting.
[2026-06-12T14:42:40.790+0000] {category.py:223} INFO - Using categorical units to plot a list of strings that are all parsable as floats or dates. If these strings should be plotted as numbers, cast to the appropriate data type before plotting.
[2026-06-12T14:42:40.791+0000] {category.py:223} INFO - Using categorical units to plot a list of strings that are all parsable as floats or dates. If these strings should be plotted as numbers, cast to the appropriate data type before plotting.
[2026-06-12T14:42:40.792+0000] {category.py:223} INFO - Using categorical units to plot a list of strings that are all parsable as floats or dates. If these strings should be plotted as numbers, cast to the appropriate data type before plotting.
[2026-06-12T14:42:40.993+0000] {category.py:223} INFO - Using categorical units to plot a list of strings that are all parsable as floats or dates. If these strings should be plotted as numbers, cast to the appropriate data type before plotting.
[2026-06-12T14:42:40.994+0000] {category.py:223} INFO - Using categorical units to plot a list of strings that are all parsable as floats or dates. If these strings should be plotted as numbers, cast to the appropriate data type before plotting.
[2026-06-12T14:42:40.998+0000] {category.py:223} INFO - Using categorical units to plot a list of strings that are all parsable as floats or dates. If these strings should be plotted as numbers, cast to the appropriate data type before plotting.
[2026-06-12T14:42:40.999+0000] {category.py:223} INFO - Using categorical units to plot a list of strings that are all parsable as floats or dates. If these strings should be plotted as numbers, cast to the appropriate data type before plotting.
[2026-06-12T14:42:41.123+0000] {category.py:223} INFO - Using categorical units to plot a list of strings that are all parsable as floats or dates. If these strings should be plotted as numbers, cast to the appropriate data type before plotting.
[2026-06-12T14:42:41.124+0000] {category.py:223} INFO - Using categorical units to plot a list of strings that are all parsable as floats or dates. If these strings should be plotted as numbers, cast to the appropriate data type before plotting.
[2026-06-12T14:42:41.234+0000] {logging_mixin.py:188} INFO - Charts refreshed in /opt/***/datamart/gold/monitoring_viz
[2026-06-12T14:42:41.236+0000] {python.py:237} INFO - Done. Returned value was: None
[2026-06-12T14:42:41.237+0000] {taskinstance.py:441} INFO - ::group::Post task execution logs
[2026-06-12T14:42:41.245+0000] {taskinstance.py:1206} INFO - Marking task as SUCCESS. dag_id=loan_default_ml_pipeline, task_id=run_model_monitoring, run_id=scheduled__2024-10-01T00:00:00+00:00, execution_date=20241001T000000, start_date=20260612T144237, end_date=20260612T144241
[2026-06-12T14:42:41.307+0000] {local_task_job_runner.py:243} INFO - Task exited with return code 0
[2026-06-12T14:42:41.318+0000] {taskinstance.py:3503} INFO - 0 downstream tasks scheduled from follow-on schedule check
[2026-06-12T14:42:41.321+0000] {local_task_job_runner.py:222} INFO - ::endgroup::
