[2026-06-12T14:42:32.496+0000] {local_task_job_runner.py:120} INFO - ::group::Pre task execution logs
[2026-06-12T14:42:32.517+0000] {taskinstance.py:2076} INFO - Dependencies all met for dep_context=non-requeueable deps ti=<TaskInstance: loan_default_ml_pipeline.run_model_monitoring scheduled__2024-09-01T00:00:00+00:00 [queued]>
[2026-06-12T14:42:32.524+0000] {taskinstance.py:2076} INFO - Dependencies all met for dep_context=requeueable deps ti=<TaskInstance: loan_default_ml_pipeline.run_model_monitoring scheduled__2024-09-01T00:00:00+00:00 [queued]>
[2026-06-12T14:42:32.527+0000] {taskinstance.py:2306} INFO - Starting attempt 2 of 2
[2026-06-12T14:42:32.537+0000] {taskinstance.py:2330} INFO - Executing <Task(PythonOperator): run_model_monitoring> on 2024-09-01 00:00:00+00:00
[2026-06-12T14:42:32.541+0000] {standard_task_runner.py:64} INFO - Started process 5154 to run task
[2026-06-12T14:42:32.543+0000] {standard_task_runner.py:90} INFO - Running: ['***', 'tasks', 'run', 'loan_default_ml_pipeline', 'run_model_monitoring', 'scheduled__2024-09-01T00:00:00+00:00', '--job-id', '117', '--raw', '--subdir', 'DAGS_FOLDER/ml_pipeline_dag.py', '--cfg-path', '/tmp/tmpne48clfu']
[2026-06-12T14:42:32.545+0000] {standard_task_runner.py:91} INFO - Job 117: Subtask run_model_monitoring
[2026-06-12T14:42:32.580+0000] {task_command.py:426} INFO - Running <TaskInstance: loan_default_ml_pipeline.run_model_monitoring scheduled__2024-09-01T00:00:00+00:00 [running]> on host f330f4bbcab3
[2026-06-12T14:42:32.731+0000] {taskinstance.py:2648} INFO - Exporting env vars: AIRFLOW_CTX_DAG_OWNER='mle' AIRFLOW_CTX_DAG_ID='loan_default_ml_pipeline' AIRFLOW_CTX_TASK_ID='run_model_monitoring' AIRFLOW_CTX_EXECUTION_DATE='2024-09-01T00:00:00+00:00' AIRFLOW_CTX_TRY_NUMBER='2' AIRFLOW_CTX_DAG_RUN_ID='scheduled__2024-09-01T00:00:00+00:00'
[2026-06-12T14:42:32.731+0000] {taskinstance.py:430} INFO - ::endgroup::
[2026-06-12T14:42:33.800+0000] {logging_mixin.py:188} INFO - Monitoring run 2024-09-01: evaluating cohort scored at 2024-03-01
[2026-06-12T14:42:34.290+0000] {logging_mixin.py:188} INFO - {'cohort_snapshot_date': '2024-03-01', 'monitored_at': '2024-09-01', 'model_version': 'credit_model_2024-01-01', 'n_scored': 511, 'n_labeled': 511, 'auc': 0.7605338053588783, 'gini': 0.5210676107177565, 'accuracy': 0.7553816046966731, 'precision': 0.6972477064220184, 'recall': 0.4523809523809524, 'f1': 0.5487364620938628, 'predicted_default_rate': 0.2970613295203422, 'actual_default_rate': 0.3287671232876712, 'psi': 0.013412067759766482, 'status': 'OK'}
[2026-06-12T14:42:34.549+0000] {logging_mixin.py:188} INFO - Wrote monitoring metrics to /opt/***/datamart/gold/model_monitoring/cohort_snapshot_date=2024-03-01
[2026-06-12T14:42:34.920+0000] {category.py:223} INFO - Using categorical units to plot a list of strings that are all parsable as floats or dates. If these strings should be plotted as numbers, cast to the appropriate data type before plotting.
[2026-06-12T14:42:34.921+0000] {category.py:223} INFO - Using categorical units to plot a list of strings that are all parsable as floats or dates. If these strings should be plotted as numbers, cast to the appropriate data type before plotting.
[2026-06-12T14:42:34.922+0000] {category.py:223} INFO - Using categorical units to plot a list of strings that are all parsable as floats or dates. If these strings should be plotted as numbers, cast to the appropriate data type before plotting.
[2026-06-12T14:42:34.923+0000] {category.py:223} INFO - Using categorical units to plot a list of strings that are all parsable as floats or dates. If these strings should be plotted as numbers, cast to the appropriate data type before plotting.
[2026-06-12T14:42:35.146+0000] {category.py:223} INFO - Using categorical units to plot a list of strings that are all parsable as floats or dates. If these strings should be plotted as numbers, cast to the appropriate data type before plotting.
[2026-06-12T14:42:35.148+0000] {category.py:223} INFO - Using categorical units to plot a list of strings that are all parsable as floats or dates. If these strings should be plotted as numbers, cast to the appropriate data type before plotting.
[2026-06-12T14:42:35.149+0000] {category.py:223} INFO - Using categorical units to plot a list of strings that are all parsable as floats or dates. If these strings should be plotted as numbers, cast to the appropriate data type before plotting.
[2026-06-12T14:42:35.150+0000] {category.py:223} INFO - Using categorical units to plot a list of strings that are all parsable as floats or dates. If these strings should be plotted as numbers, cast to the appropriate data type before plotting.
[2026-06-12T14:42:35.151+0000] {category.py:223} INFO - Using categorical units to plot a list of strings that are all parsable as floats or dates. If these strings should be plotted as numbers, cast to the appropriate data type before plotting.
[2026-06-12T14:42:35.152+0000] {category.py:223} INFO - Using categorical units to plot a list of strings that are all parsable as floats or dates. If these strings should be plotted as numbers, cast to the appropriate data type before plotting.
[2026-06-12T14:42:35.153+0000] {category.py:223} INFO - Using categorical units to plot a list of strings that are all parsable as floats or dates. If these strings should be plotted as numbers, cast to the appropriate data type before plotting.
[2026-06-12T14:42:35.154+0000] {category.py:223} INFO - Using categorical units to plot a list of strings that are all parsable as floats or dates. If these strings should be plotted as numbers, cast to the appropriate data type before plotting.
[2026-06-12T14:42:35.300+0000] {category.py:223} INFO - Using categorical units to plot a list of strings that are all parsable as floats or dates. If these strings should be plotted as numbers, cast to the appropriate data type before plotting.
[2026-06-12T14:42:35.302+0000] {category.py:223} INFO - Using categorical units to plot a list of strings that are all parsable as floats or dates. If these strings should be plotted as numbers, cast to the appropriate data type before plotting.
[2026-06-12T14:42:35.305+0000] {category.py:223} INFO - Using categorical units to plot a list of strings that are all parsable as floats or dates. If these strings should be plotted as numbers, cast to the appropriate data type before plotting.
[2026-06-12T14:42:35.306+0000] {category.py:223} INFO - Using categorical units to plot a list of strings that are all parsable as floats or dates. If these strings should be plotted as numbers, cast to the appropriate data type before plotting.
[2026-06-12T14:42:35.437+0000] {category.py:223} INFO - Using categorical units to plot a list of strings that are all parsable as floats or dates. If these strings should be plotted as numbers, cast to the appropriate data type before plotting.
[2026-06-12T14:42:35.439+0000] {category.py:223} INFO - Using categorical units to plot a list of strings that are all parsable as floats or dates. If these strings should be plotted as numbers, cast to the appropriate data type before plotting.
[2026-06-12T14:42:35.590+0000] {logging_mixin.py:188} INFO - Charts refreshed in /opt/***/datamart/gold/monitoring_viz
[2026-06-12T14:42:35.591+0000] {python.py:237} INFO - Done. Returned value was: None
[2026-06-12T14:42:35.595+0000] {taskinstance.py:441} INFO - ::group::Post task execution logs
[2026-06-12T14:42:35.603+0000] {taskinstance.py:1206} INFO - Marking task as SUCCESS. dag_id=loan_default_ml_pipeline, task_id=run_model_monitoring, run_id=scheduled__2024-09-01T00:00:00+00:00, execution_date=20240901T000000, start_date=20260612T144232, end_date=20260612T144235
[2026-06-12T14:42:35.644+0000] {local_task_job_runner.py:243} INFO - Task exited with return code 0
[2026-06-12T14:42:35.656+0000] {taskinstance.py:3503} INFO - 0 downstream tasks scheduled from follow-on schedule check
[2026-06-12T14:42:35.662+0000] {local_task_job_runner.py:222} INFO - ::endgroup::
