[2026-06-12T14:13:57.234+0000] {local_task_job_runner.py:120} INFO - ::group::Pre task execution logs
[2026-06-12T14:13:57.279+0000] {taskinstance.py:2076} INFO - Dependencies all met for dep_context=non-requeueable deps ti=<TaskInstance: loan_default_ml_pipeline.gate_inference scheduled__2023-01-01T00:00:00+00:00 [queued]>
[2026-06-12T14:13:57.291+0000] {taskinstance.py:2076} INFO - Dependencies all met for dep_context=requeueable deps ti=<TaskInstance: loan_default_ml_pipeline.gate_inference scheduled__2023-01-01T00:00:00+00:00 [queued]>
[2026-06-12T14:13:57.293+0000] {taskinstance.py:2306} INFO - Starting attempt 1 of 1
[2026-06-12T14:13:57.462+0000] {taskinstance.py:2330} INFO - Executing <Task(ShortCircuitOperator): gate_inference> on 2023-01-01 00:00:00+00:00
[2026-06-12T14:13:57.469+0000] {standard_task_runner.py:64} INFO - Started process 2944 to run task
[2026-06-12T14:13:57.473+0000] {standard_task_runner.py:90} INFO - Running: ['***', 'tasks', 'run', 'loan_default_ml_pipeline', 'gate_inference', 'scheduled__2023-01-01T00:00:00+00:00', '--job-id', '4', '--raw', '--subdir', 'DAGS_FOLDER/ml_pipeline_dag.py', '--cfg-path', '/tmp/tmpdmsj4qfv']
[2026-06-12T14:13:57.477+0000] {standard_task_runner.py:91} INFO - Job 4: Subtask gate_inference
[2026-06-12T14:13:57.557+0000] {task_command.py:426} INFO - Running <TaskInstance: loan_default_ml_pipeline.gate_inference scheduled__2023-01-01T00:00:00+00:00 [running]> on host f330f4bbcab3
[2026-06-12T14:13:57.923+0000] {taskinstance.py:2648} INFO - Exporting env vars: AIRFLOW_CTX_DAG_OWNER='mle' AIRFLOW_CTX_DAG_ID='loan_default_ml_pipeline' AIRFLOW_CTX_TASK_ID='gate_inference' AIRFLOW_CTX_EXECUTION_DATE='2023-01-01T00:00:00+00:00' AIRFLOW_CTX_TRY_NUMBER='1' AIRFLOW_CTX_DAG_RUN_ID='scheduled__2023-01-01T00:00:00+00:00'
[2026-06-12T14:13:57.924+0000] {taskinstance.py:430} INFO - ::endgroup::
[2026-06-12T14:13:57.947+0000] {baseoperator.py:400} WARNING - ShortCircuitOperator.execute cannot be called outside TaskInstance!
[2026-06-12T14:13:57.949+0000] {python.py:237} INFO - Done. Returned value was: False
[2026-06-12T14:13:57.950+0000] {python.py:304} INFO - Condition result is False
[2026-06-12T14:13:57.951+0000] {python.py:331} INFO - Skipping downstream tasks
[2026-06-12T14:13:57.991+0000] {python.py:339} INFO - Done.
[2026-06-12T14:13:57.992+0000] {taskinstance.py:441} INFO - ::group::Post task execution logs
[2026-06-12T14:13:58.027+0000] {taskinstance.py:1206} INFO - Marking task as SUCCESS. dag_id=loan_default_ml_pipeline, task_id=gate_inference, run_id=scheduled__2023-01-01T00:00:00+00:00, execution_date=20230101T000000, start_date=20260612T141357, end_date=20260612T141358
[2026-06-12T14:13:58.089+0000] {local_task_job_runner.py:243} INFO - Task exited with return code 0
[2026-06-12T14:13:58.121+0000] {taskinstance.py:3503} INFO - 0 downstream tasks scheduled from follow-on schedule check
[2026-06-12T14:13:58.128+0000] {local_task_job_runner.py:222} INFO - ::endgroup::
