[2026-06-12T14:42:28.517+0000] {local_task_job_runner.py:120} INFO - ::group::Pre task execution logs
[2026-06-12T14:42:28.539+0000] {taskinstance.py:2076} INFO - Dependencies all met for dep_context=non-requeueable deps ti=<TaskInstance: loan_default_ml_pipeline.run_model_monitoring scheduled__2024-08-01T00:00:00+00:00 [queued]>
[2026-06-12T14:42:28.545+0000] {taskinstance.py:2076} INFO - Dependencies all met for dep_context=requeueable deps ti=<TaskInstance: loan_default_ml_pipeline.run_model_monitoring scheduled__2024-08-01T00:00:00+00:00 [queued]>
[2026-06-12T14:42:28.546+0000] {taskinstance.py:2306} INFO - Starting attempt 2 of 2
[2026-06-12T14:42:28.555+0000] {taskinstance.py:2330} INFO - Executing <Task(PythonOperator): run_model_monitoring> on 2024-08-01 00:00:00+00:00
[2026-06-12T14:42:28.559+0000] {standard_task_runner.py:64} INFO - Started process 5065 to run task
[2026-06-12T14:42:28.561+0000] {standard_task_runner.py:90} INFO - Running: ['***', 'tasks', 'run', 'loan_default_ml_pipeline', 'run_model_monitoring', 'scheduled__2024-08-01T00:00:00+00:00', '--job-id', '116', '--raw', '--subdir', 'DAGS_FOLDER/ml_pipeline_dag.py', '--cfg-path', '/tmp/tmpwzd224zs']
[2026-06-12T14:42:28.563+0000] {standard_task_runner.py:91} INFO - Job 116: Subtask run_model_monitoring
[2026-06-12T14:42:28.601+0000] {task_command.py:426} INFO - Running <TaskInstance: loan_default_ml_pipeline.run_model_monitoring scheduled__2024-08-01T00:00:00+00:00 [running]> on host f330f4bbcab3
[2026-06-12T14:42:28.753+0000] {taskinstance.py:2648} INFO - Exporting env vars: AIRFLOW_CTX_DAG_OWNER='mle' AIRFLOW_CTX_DAG_ID='loan_default_ml_pipeline' AIRFLOW_CTX_TASK_ID='run_model_monitoring' AIRFLOW_CTX_EXECUTION_DATE='2024-08-01T00:00:00+00:00' AIRFLOW_CTX_TRY_NUMBER='2' AIRFLOW_CTX_DAG_RUN_ID='scheduled__2024-08-01T00:00:00+00:00'
[2026-06-12T14:42:28.754+0000] {taskinstance.py:430} INFO - ::endgroup::
[2026-06-12T14:42:29.721+0000] {logging_mixin.py:188} INFO - Monitoring run 2024-08-01: evaluating cohort scored at 2024-02-01
[2026-06-12T14:42:30.280+0000] {logging_mixin.py:188} INFO - {'cohort_snapshot_date': '2024-02-01', 'monitored_at': '2024-08-01', 'model_version': 'credit_model_2024-01-01', 'n_scored': 518, 'n_labeled': 518, 'auc': 0.787850450153107, 'gini': 0.5757009003062139, 'accuracy': 0.7683397683397684, 'precision': 0.6046511627906976, 'recall': 0.5306122448979592, 'f1': 0.5652173913043478, 'predicted_default_rate': 0.3210339467463727, 'actual_default_rate': 0.28378378378378377, 'psi': 0.050846882870759745, 'status': 'OK'}
[2026-06-12T14:42:30.546+0000] {logging_mixin.py:188} INFO - Wrote monitoring metrics to /opt/***/datamart/gold/model_monitoring/cohort_snapshot_date=2024-02-01
[2026-06-12T14:42:31.015+0000] {category.py:223} INFO - Using categorical units to plot a list of strings that are all parsable as floats or dates. If these strings should be plotted as numbers, cast to the appropriate data type before plotting.
[2026-06-12T14:42:31.016+0000] {category.py:223} INFO - Using categorical units to plot a list of strings that are all parsable as floats or dates. If these strings should be plotted as numbers, cast to the appropriate data type before plotting.
[2026-06-12T14:42:31.017+0000] {category.py:223} INFO - Using categorical units to plot a list of strings that are all parsable as floats or dates. If these strings should be plotted as numbers, cast to the appropriate data type before plotting.
[2026-06-12T14:42:31.018+0000] {category.py:223} INFO - Using categorical units to plot a list of strings that are all parsable as floats or dates. If these strings should be plotted as numbers, cast to the appropriate data type before plotting.
[2026-06-12T14:42:31.256+0000] {category.py:223} INFO - Using categorical units to plot a list of strings that are all parsable as floats or dates. If these strings should be plotted as numbers, cast to the appropriate data type before plotting.
[2026-06-12T14:42:31.258+0000] {category.py:223} INFO - Using categorical units to plot a list of strings that are all parsable as floats or dates. If these strings should be plotted as numbers, cast to the appropriate data type before plotting.
[2026-06-12T14:42:31.260+0000] {category.py:223} INFO - Using categorical units to plot a list of strings that are all parsable as floats or dates. If these strings should be plotted as numbers, cast to the appropriate data type before plotting.
[2026-06-12T14:42:31.261+0000] {category.py:223} INFO - Using categorical units to plot a list of strings that are all parsable as floats or dates. If these strings should be plotted as numbers, cast to the appropriate data type before plotting.
[2026-06-12T14:42:31.262+0000] {category.py:223} INFO - Using categorical units to plot a list of strings that are all parsable as floats or dates. If these strings should be plotted as numbers, cast to the appropriate data type before plotting.
[2026-06-12T14:42:31.264+0000] {category.py:223} INFO - Using categorical units to plot a list of strings that are all parsable as floats or dates. If these strings should be plotted as numbers, cast to the appropriate data type before plotting.
[2026-06-12T14:42:31.265+0000] {category.py:223} INFO - Using categorical units to plot a list of strings that are all parsable as floats or dates. If these strings should be plotted as numbers, cast to the appropriate data type before plotting.
[2026-06-12T14:42:31.266+0000] {category.py:223} INFO - Using categorical units to plot a list of strings that are all parsable as floats or dates. If these strings should be plotted as numbers, cast to the appropriate data type before plotting.
[2026-06-12T14:42:31.410+0000] {category.py:223} INFO - Using categorical units to plot a list of strings that are all parsable as floats or dates. If these strings should be plotted as numbers, cast to the appropriate data type before plotting.
[2026-06-12T14:42:31.411+0000] {category.py:223} INFO - Using categorical units to plot a list of strings that are all parsable as floats or dates. If these strings should be plotted as numbers, cast to the appropriate data type before plotting.
[2026-06-12T14:42:31.416+0000] {category.py:223} INFO - Using categorical units to plot a list of strings that are all parsable as floats or dates. If these strings should be plotted as numbers, cast to the appropriate data type before plotting.
[2026-06-12T14:42:31.418+0000] {category.py:223} INFO - Using categorical units to plot a list of strings that are all parsable as floats or dates. If these strings should be plotted as numbers, cast to the appropriate data type before plotting.
[2026-06-12T14:42:31.543+0000] {category.py:223} INFO - Using categorical units to plot a list of strings that are all parsable as floats or dates. If these strings should be plotted as numbers, cast to the appropriate data type before plotting.
[2026-06-12T14:42:31.544+0000] {category.py:223} INFO - Using categorical units to plot a list of strings that are all parsable as floats or dates. If these strings should be plotted as numbers, cast to the appropriate data type before plotting.
[2026-06-12T14:42:31.656+0000] {logging_mixin.py:188} INFO - Charts refreshed in /opt/***/datamart/gold/monitoring_viz
[2026-06-12T14:42:31.659+0000] {python.py:237} INFO - Done. Returned value was: None
[2026-06-12T14:42:31.659+0000] {taskinstance.py:441} INFO - ::group::Post task execution logs
[2026-06-12T14:42:31.670+0000] {taskinstance.py:1206} INFO - Marking task as SUCCESS. dag_id=loan_default_ml_pipeline, task_id=run_model_monitoring, run_id=scheduled__2024-08-01T00:00:00+00:00, execution_date=20240801T000000, start_date=20260612T144228, end_date=20260612T144231
[2026-06-12T14:42:31.704+0000] {local_task_job_runner.py:243} INFO - Task exited with return code 0
[2026-06-12T14:42:31.720+0000] {taskinstance.py:3503} INFO - 0 downstream tasks scheduled from follow-on schedule check
[2026-06-12T14:42:31.723+0000] {local_task_job_runner.py:222} INFO - ::endgroup::
