[2026-06-12T14:16:10.105+0000] {local_task_job_runner.py:120} INFO - ::group::Pre task execution logs
[2026-06-12T14:16:10.144+0000] {taskinstance.py:2076} INFO - Dependencies all met for dep_context=non-requeueable deps ti=<TaskInstance: loan_default_ml_pipeline.gate_inference scheduled__2024-02-01T00:00:00+00:00 [queued]>
[2026-06-12T14:16:10.155+0000] {taskinstance.py:2076} INFO - Dependencies all met for dep_context=requeueable deps ti=<TaskInstance: loan_default_ml_pipeline.gate_inference scheduled__2024-02-01T00:00:00+00:00 [queued]>
[2026-06-12T14:16:10.156+0000] {taskinstance.py:2306} INFO - Starting attempt 1 of 1
[2026-06-12T14:16:10.178+0000] {taskinstance.py:2330} INFO - Executing <Task(ShortCircuitOperator): gate_inference> on 2024-02-01 00:00:00+00:00
[2026-06-12T14:16:10.185+0000] {standard_task_runner.py:64} INFO - Started process 3370 to run task
[2026-06-12T14:16:10.188+0000] {standard_task_runner.py:90} INFO - Running: ['***', 'tasks', 'run', 'loan_default_ml_pipeline', 'gate_inference', 'scheduled__2024-02-01T00:00:00+00:00', '--job-id', '58', '--raw', '--subdir', 'DAGS_FOLDER/ml_pipeline_dag.py', '--cfg-path', '/tmp/tmpdfp8zb4d']
[2026-06-12T14:16:10.191+0000] {standard_task_runner.py:91} INFO - Job 58: Subtask gate_inference
[2026-06-12T14:16:10.269+0000] {task_command.py:426} INFO - Running <TaskInstance: loan_default_ml_pipeline.gate_inference scheduled__2024-02-01T00:00:00+00:00 [running]> on host f330f4bbcab3
[2026-06-12T14:16:10.548+0000] {taskinstance.py:2648} INFO - Exporting env vars: AIRFLOW_CTX_DAG_OWNER='mle' AIRFLOW_CTX_DAG_ID='loan_default_ml_pipeline' AIRFLOW_CTX_TASK_ID='gate_inference' AIRFLOW_CTX_EXECUTION_DATE='2024-02-01T00:00:00+00:00' AIRFLOW_CTX_TRY_NUMBER='1' AIRFLOW_CTX_DAG_RUN_ID='scheduled__2024-02-01T00:00:00+00:00'
[2026-06-12T14:16:10.549+0000] {taskinstance.py:430} INFO - ::endgroup::
[2026-06-12T14:16:10.560+0000] {baseoperator.py:400} WARNING - ShortCircuitOperator.execute cannot be called outside TaskInstance!
[2026-06-12T14:16:10.561+0000] {python.py:237} INFO - Done. Returned value was: True
[2026-06-12T14:16:10.563+0000] {python.py:304} INFO - Condition result is True
[2026-06-12T14:16:10.563+0000] {python.py:307} INFO - Proceeding with downstream tasks...
[2026-06-12T14:16:10.564+0000] {taskinstance.py:441} INFO - ::group::Post task execution logs
[2026-06-12T14:16:10.592+0000] {taskinstance.py:1206} INFO - Marking task as SUCCESS. dag_id=loan_default_ml_pipeline, task_id=gate_inference, run_id=scheduled__2024-02-01T00:00:00+00:00, execution_date=20240201T000000, start_date=20260612T141610, end_date=20260612T141610
[2026-06-12T14:16:10.647+0000] {local_task_job_runner.py:243} INFO - Task exited with return code 0
[2026-06-12T14:16:10.878+0000] {taskinstance.py:3503} INFO - 1 downstream tasks scheduled from follow-on schedule check
[2026-06-12T14:16:10.885+0000] {local_task_job_runner.py:222} INFO - ::endgroup::
