[2026-06-12T14:17:14.567+0000] {local_task_job_runner.py:120} INFO - ::group::Pre task execution logs
[2026-06-12T14:17:14.607+0000] {taskinstance.py:2076} INFO - Dependencies all met for dep_context=non-requeueable deps ti=<TaskInstance: loan_default_ml_pipeline.gate_monitoring scheduled__2024-08-01T00:00:00+00:00 [queued]>
[2026-06-12T14:17:14.620+0000] {taskinstance.py:2076} INFO - Dependencies all met for dep_context=requeueable deps ti=<TaskInstance: loan_default_ml_pipeline.gate_monitoring scheduled__2024-08-01T00:00:00+00:00 [queued]>
[2026-06-12T14:17:14.623+0000] {taskinstance.py:2306} INFO - Starting attempt 1 of 1
[2026-06-12T14:17:14.643+0000] {taskinstance.py:2330} INFO - Executing <Task(ShortCircuitOperator): gate_monitoring> on 2024-08-01 00:00:00+00:00
[2026-06-12T14:17:14.651+0000] {standard_task_runner.py:64} INFO - Started process 4042 to run task
[2026-06-12T14:17:14.655+0000] {standard_task_runner.py:90} INFO - Running: ['***', 'tasks', 'run', 'loan_default_ml_pipeline', 'gate_monitoring', 'scheduled__2024-08-01T00:00:00+00:00', '--job-id', '89', '--raw', '--subdir', 'DAGS_FOLDER/ml_pipeline_dag.py', '--cfg-path', '/tmp/tmpg5hsnjcy']
[2026-06-12T14:17:14.659+0000] {standard_task_runner.py:91} INFO - Job 89: Subtask gate_monitoring
[2026-06-12T14:17:14.732+0000] {task_command.py:426} INFO - Running <TaskInstance: loan_default_ml_pipeline.gate_monitoring scheduled__2024-08-01T00:00:00+00:00 [running]> on host f330f4bbcab3
[2026-06-12T14:17:15.028+0000] {taskinstance.py:2648} INFO - Exporting env vars: AIRFLOW_CTX_DAG_OWNER='mle' AIRFLOW_CTX_DAG_ID='loan_default_ml_pipeline' AIRFLOW_CTX_TASK_ID='gate_monitoring' AIRFLOW_CTX_EXECUTION_DATE='2024-08-01T00:00:00+00:00' AIRFLOW_CTX_TRY_NUMBER='1' AIRFLOW_CTX_DAG_RUN_ID='scheduled__2024-08-01T00:00:00+00:00'
[2026-06-12T14:17:15.029+0000] {taskinstance.py:430} INFO - ::endgroup::
[2026-06-12T14:17:15.041+0000] {baseoperator.py:400} WARNING - ShortCircuitOperator.execute cannot be called outside TaskInstance!
[2026-06-12T14:17:15.042+0000] {python.py:237} INFO - Done. Returned value was: True
[2026-06-12T14:17:15.044+0000] {python.py:304} INFO - Condition result is True
[2026-06-12T14:17:15.044+0000] {python.py:307} INFO - Proceeding with downstream tasks...
[2026-06-12T14:17:15.045+0000] {taskinstance.py:441} INFO - ::group::Post task execution logs
[2026-06-12T14:17:15.072+0000] {taskinstance.py:1206} INFO - Marking task as SUCCESS. dag_id=loan_default_ml_pipeline, task_id=gate_monitoring, run_id=scheduled__2024-08-01T00:00:00+00:00, execution_date=20240801T000000, start_date=20260612T141714, end_date=20260612T141715
[2026-06-12T14:17:15.111+0000] {local_task_job_runner.py:243} INFO - Task exited with return code 0
[2026-06-12T14:17:15.318+0000] {taskinstance.py:3503} INFO - 1 downstream tasks scheduled from follow-on schedule check
[2026-06-12T14:17:15.324+0000] {local_task_job_runner.py:222} INFO - ::endgroup::
