[2026-06-12T14:17:04.354+0000] {local_task_job_runner.py:120} INFO - ::group::Pre task execution logs
[2026-06-12T14:17:04.412+0000] {taskinstance.py:2076} INFO - Dependencies all met for dep_context=non-requeueable deps ti=<TaskInstance: loan_default_ml_pipeline.run_model_monitoring scheduled__2024-07-01T00:00:00+00:00 [queued]>
[2026-06-12T14:17:04.428+0000] {taskinstance.py:2076} INFO - Dependencies all met for dep_context=requeueable deps ti=<TaskInstance: loan_default_ml_pipeline.run_model_monitoring scheduled__2024-07-01T00:00:00+00:00 [queued]>
[2026-06-12T14:17:04.431+0000] {taskinstance.py:2306} INFO - Starting attempt 1 of 1
[2026-06-12T14:17:04.453+0000] {taskinstance.py:2330} INFO - Executing <Task(PythonOperator): run_model_monitoring> on 2024-07-01 00:00:00+00:00
[2026-06-12T14:17:04.461+0000] {standard_task_runner.py:64} INFO - Started process 3972 to run task
[2026-06-12T14:17:04.466+0000] {standard_task_runner.py:90} INFO - Running: ['***', 'tasks', 'run', 'loan_default_ml_pipeline', 'run_model_monitoring', 'scheduled__2024-07-01T00:00:00+00:00', '--job-id', '85', '--raw', '--subdir', 'DAGS_FOLDER/ml_pipeline_dag.py', '--cfg-path', '/tmp/tmpw_dqxnpr']
[2026-06-12T14:17:04.470+0000] {standard_task_runner.py:91} INFO - Job 85: Subtask run_model_monitoring
[2026-06-12T14:17:04.552+0000] {task_command.py:426} INFO - Running <TaskInstance: loan_default_ml_pipeline.run_model_monitoring scheduled__2024-07-01T00:00:00+00:00 [running]> on host f330f4bbcab3
[2026-06-12T14:17:04.844+0000] {taskinstance.py:2648} INFO - Exporting env vars: AIRFLOW_CTX_DAG_OWNER='mle' AIRFLOW_CTX_DAG_ID='loan_default_ml_pipeline' AIRFLOW_CTX_TASK_ID='run_model_monitoring' AIRFLOW_CTX_EXECUTION_DATE='2024-07-01T00:00:00+00:00' AIRFLOW_CTX_TRY_NUMBER='1' AIRFLOW_CTX_DAG_RUN_ID='scheduled__2024-07-01T00:00:00+00:00'
[2026-06-12T14:17:04.845+0000] {taskinstance.py:430} INFO - ::endgroup::
[2026-06-12T14:17:06.507+0000] {logging_mixin.py:188} INFO - Monitoring run 2024-07-01: evaluating cohort scored at 2024-01-01
[2026-06-12T14:17:07.052+0000] {logging_mixin.py:188} INFO - {'cohort_snapshot_date': '2024-01-01', 'monitored_at': '2024-07-01', 'model_version': 'credit_model_2024-01-01', 'n_scored': 485, 'n_labeled': 485, 'auc': 0.7703649397197784, 'gini': 0.5407298794395567, 'accuracy': 0.7690721649484537, 'precision': 0.6777777777777778, 'recall': 0.4236111111111111, 'f1': 0.5213675213675214, 'predicted_default_rate': 0.2866698041454492, 'actual_default_rate': 0.29690721649484536, 'psi': 0.015309442124083906, 'status': 'OK'}
[2026-06-12T14:17:07.137+0000] {logging_mixin.py:188} INFO - Wrote monitoring metrics to /opt/***/datamart/gold/model_monitoring/cohort_snapshot_date=2024-01-01
[2026-06-12T14:17:08.700+0000] {font_manager.py:1578} INFO - generated new fontManager
[2026-06-12T14:17:09.293+0000] {taskinstance.py:441} INFO - ::group::Post task execution logs
[2026-06-12T14:17:09.294+0000] {taskinstance.py:2905} ERROR - Task failed with exception
Traceback (most recent call last):
  File "/home/airflow/.local/lib/python3.11/site-packages/pandas/core/indexes/base.py", line 3791, in get_loc
    return self._engine.get_loc(casted_key)
           ^^^^^^^^^^^^^^^^^^^^^^^^^^^^^^^^
  File "index.pyx", line 152, in pandas._libs.index.IndexEngine.get_loc
  File "index.pyx", line 181, in pandas._libs.index.IndexEngine.get_loc
  File "pandas/_libs/hashtable_class_helper.pxi", line 7080, in pandas._libs.hashtable.PyObjectHashTable.get_item
  File "pandas/_libs/hashtable_class_helper.pxi", line 7088, in pandas._libs.hashtable.PyObjectHashTable.get_item
KeyError: 'cohort_snapshot_date'

The above exception was the direct cause of the following exception:

Traceback (most recent call last):
  File "/home/airflow/.local/lib/python3.11/site-packages/airflow/models/taskinstance.py", line 465, in _execute_task
    result = _execute_callable(context=context, **execute_callable_kwargs)
             ^^^^^^^^^^^^^^^^^^^^^^^^^^^^^^^^^^^^^^^^^^^^^^^^^^^^^^^^^^^^^
  File "/home/airflow/.local/lib/python3.11/site-packages/airflow/models/taskinstance.py", line 432, in _execute_callable
    return execute_callable(context=context, **execute_callable_kwargs)
           ^^^^^^^^^^^^^^^^^^^^^^^^^^^^^^^^^^^^^^^^^^^^^^^^^^^^^^^^^^^^
  File "/home/airflow/.local/lib/python3.11/site-packages/airflow/models/baseoperator.py", line 401, in wrapper
    return func(self, *args, **kwargs)
           ^^^^^^^^^^^^^^^^^^^^^^^^^^^
  File "/home/airflow/.local/lib/python3.11/site-packages/airflow/operators/python.py", line 235, in execute
    return_value = self.execute_callable()
                   ^^^^^^^^^^^^^^^^^^^^^^^
  File "/home/airflow/.local/lib/python3.11/site-packages/airflow/operators/python.py", line 252, in execute_callable
    return self.python_callable(*self.op_args, **self.op_kwargs)
           ^^^^^^^^^^^^^^^^^^^^^^^^^^^^^^^^^^^^^^^^^^^^^^^^^^^^^
  File "/opt/airflow/dags/ml_pipeline_dag.py", line 59, in _monitoring
    model_monitoring.run_monitoring(ds)
  File "/opt/airflow/utils/model_monitoring.py", line 93, in run_monitoring
    refresh_charts()
  File "/opt/airflow/utils/model_monitoring.py", line 111, in refresh_charts
    df = load_monitoring_table()
         ^^^^^^^^^^^^^^^^^^^^^^^
  File "/opt/airflow/utils/model_monitoring.py", line 99, in load_monitoring_table
    df["cohort_snapshot_date"] = df["cohort_snapshot_date"].astype(str)
                                 ~~^^^^^^^^^^^^^^^^^^^^^^^^
  File "/home/airflow/.local/lib/python3.11/site-packages/pandas/core/frame.py", line 3893, in __getitem__
    indexer = self.columns.get_loc(key)
              ^^^^^^^^^^^^^^^^^^^^^^^^^
  File "/home/airflow/.local/lib/python3.11/site-packages/pandas/core/indexes/base.py", line 3798, in get_loc
    raise KeyError(key) from err
KeyError: 'cohort_snapshot_date'
[2026-06-12T14:17:09.336+0000] {taskinstance.py:1206} INFO - Marking task as FAILED. dag_id=loan_default_ml_pipeline, task_id=run_model_monitoring, run_id=scheduled__2024-07-01T00:00:00+00:00, execution_date=20240701T000000, start_date=20260612T141704, end_date=20260612T141709
[2026-06-12T14:17:09.359+0000] {standard_task_runner.py:110} ERROR - Failed to execute job 85 for task run_model_monitoring ('cohort_snapshot_date'; 3972)
[2026-06-12T14:17:09.416+0000] {local_task_job_runner.py:243} INFO - Task exited with return code 1
[2026-06-12T14:17:09.456+0000] {taskinstance.py:3503} INFO - 0 downstream tasks scheduled from follow-on schedule check
[2026-06-12T14:17:09.673+0000] {local_task_job_runner.py:222} INFO - ::endgroup::
