[2026-06-12T14:42:23.497+0000] {local_task_job_runner.py:120} INFO - ::group::Pre task execution logs
[2026-06-12T14:42:23.535+0000] {taskinstance.py:2076} INFO - Dependencies all met for dep_context=non-requeueable deps ti=<TaskInstance: loan_default_ml_pipeline.run_model_monitoring scheduled__2024-07-01T00:00:00+00:00 [queued]>
[2026-06-12T14:42:23.543+0000] {taskinstance.py:2076} INFO - Dependencies all met for dep_context=requeueable deps ti=<TaskInstance: loan_default_ml_pipeline.run_model_monitoring scheduled__2024-07-01T00:00:00+00:00 [queued]>
[2026-06-12T14:42:23.544+0000] {taskinstance.py:2306} INFO - Starting attempt 2 of 2
[2026-06-12T14:42:23.556+0000] {taskinstance.py:2330} INFO - Executing <Task(PythonOperator): run_model_monitoring> on 2024-07-01 00:00:00+00:00
[2026-06-12T14:42:23.564+0000] {standard_task_runner.py:64} INFO - Started process 4976 to run task
[2026-06-12T14:42:23.568+0000] {standard_task_runner.py:90} INFO - Running: ['***', 'tasks', 'run', 'loan_default_ml_pipeline', 'run_model_monitoring', 'scheduled__2024-07-01T00:00:00+00:00', '--job-id', '115', '--raw', '--subdir', 'DAGS_FOLDER/ml_pipeline_dag.py', '--cfg-path', '/tmp/tmp41g4d9w8']
[2026-06-12T14:42:23.572+0000] {standard_task_runner.py:91} INFO - Job 115: Subtask run_model_monitoring
[2026-06-12T14:42:23.644+0000] {task_command.py:426} INFO - Running <TaskInstance: loan_default_ml_pipeline.run_model_monitoring scheduled__2024-07-01T00:00:00+00:00 [running]> on host f330f4bbcab3
[2026-06-12T14:42:23.973+0000] {taskinstance.py:2648} INFO - Exporting env vars: AIRFLOW_CTX_DAG_OWNER='mle' AIRFLOW_CTX_DAG_ID='loan_default_ml_pipeline' AIRFLOW_CTX_TASK_ID='run_model_monitoring' AIRFLOW_CTX_EXECUTION_DATE='2024-07-01T00:00:00+00:00' AIRFLOW_CTX_TRY_NUMBER='2' AIRFLOW_CTX_DAG_RUN_ID='scheduled__2024-07-01T00:00:00+00:00'
[2026-06-12T14:42:23.974+0000] {taskinstance.py:430} INFO - ::endgroup::
[2026-06-12T14:42:25.206+0000] {logging_mixin.py:188} INFO - Monitoring run 2024-07-01: evaluating cohort scored at 2024-01-01
[2026-06-12T14:42:25.734+0000] {logging_mixin.py:188} INFO - {'cohort_snapshot_date': '2024-01-01', 'monitored_at': '2024-07-01', 'model_version': 'credit_model_2024-01-01', 'n_scored': 485, 'n_labeled': 485, 'auc': 0.7703649397197784, 'gini': 0.5407298794395567, 'accuracy': 0.7690721649484537, 'precision': 0.6777777777777778, 'recall': 0.4236111111111111, 'f1': 0.5213675213675214, 'predicted_default_rate': 0.2866698041454492, 'actual_default_rate': 0.29690721649484536, 'psi': 0.015309442124083906, 'status': 'OK'}
[2026-06-12T14:42:25.816+0000] {logging_mixin.py:188} INFO - Wrote monitoring metrics to /opt/***/datamart/gold/model_monitoring/cohort_snapshot_date=2024-01-01
[2026-06-12T14:42:26.163+0000] {category.py:223} INFO - Using categorical units to plot a list of strings that are all parsable as floats or dates. If these strings should be plotted as numbers, cast to the appropriate data type before plotting.
[2026-06-12T14:42:26.165+0000] {category.py:223} INFO - Using categorical units to plot a list of strings that are all parsable as floats or dates. If these strings should be plotted as numbers, cast to the appropriate data type before plotting.
[2026-06-12T14:42:26.166+0000] {category.py:223} INFO - Using categorical units to plot a list of strings that are all parsable as floats or dates. If these strings should be plotted as numbers, cast to the appropriate data type before plotting.
[2026-06-12T14:42:26.167+0000] {category.py:223} INFO - Using categorical units to plot a list of strings that are all parsable as floats or dates. If these strings should be plotted as numbers, cast to the appropriate data type before plotting.
[2026-06-12T14:42:26.416+0000] {category.py:223} INFO - Using categorical units to plot a list of strings that are all parsable as floats or dates. If these strings should be plotted as numbers, cast to the appropriate data type before plotting.
[2026-06-12T14:42:26.418+0000] {category.py:223} INFO - Using categorical units to plot a list of strings that are all parsable as floats or dates. If these strings should be plotted as numbers, cast to the appropriate data type before plotting.
[2026-06-12T14:42:26.419+0000] {category.py:223} INFO - Using categorical units to plot a list of strings that are all parsable as floats or dates. If these strings should be plotted as numbers, cast to the appropriate data type before plotting.
[2026-06-12T14:42:26.421+0000] {category.py:223} INFO - Using categorical units to plot a list of strings that are all parsable as floats or dates. If these strings should be plotted as numbers, cast to the appropriate data type before plotting.
[2026-06-12T14:42:26.422+0000] {category.py:223} INFO - Using categorical units to plot a list of strings that are all parsable as floats or dates. If these strings should be plotted as numbers, cast to the appropriate data type before plotting.
[2026-06-12T14:42:26.423+0000] {category.py:223} INFO - Using categorical units to plot a list of strings that are all parsable as floats or dates. If these strings should be plotted as numbers, cast to the appropriate data type before plotting.
[2026-06-12T14:42:26.424+0000] {category.py:223} INFO - Using categorical units to plot a list of strings that are all parsable as floats or dates. If these strings should be plotted as numbers, cast to the appropriate data type before plotting.
[2026-06-12T14:42:26.425+0000] {category.py:223} INFO - Using categorical units to plot a list of strings that are all parsable as floats or dates. If these strings should be plotted as numbers, cast to the appropriate data type before plotting.
[2026-06-12T14:42:26.557+0000] {category.py:223} INFO - Using categorical units to plot a list of strings that are all parsable as floats or dates. If these strings should be plotted as numbers, cast to the appropriate data type before plotting.
[2026-06-12T14:42:26.559+0000] {category.py:223} INFO - Using categorical units to plot a list of strings that are all parsable as floats or dates. If these strings should be plotted as numbers, cast to the appropriate data type before plotting.
[2026-06-12T14:42:26.564+0000] {category.py:223} INFO - Using categorical units to plot a list of strings that are all parsable as floats or dates. If these strings should be plotted as numbers, cast to the appropriate data type before plotting.
[2026-06-12T14:42:26.565+0000] {category.py:223} INFO - Using categorical units to plot a list of strings that are all parsable as floats or dates. If these strings should be plotted as numbers, cast to the appropriate data type before plotting.
[2026-06-12T14:42:26.691+0000] {category.py:223} INFO - Using categorical units to plot a list of strings that are all parsable as floats or dates. If these strings should be plotted as numbers, cast to the appropriate data type before plotting.
[2026-06-12T14:42:26.692+0000] {category.py:223} INFO - Using categorical units to plot a list of strings that are all parsable as floats or dates. If these strings should be plotted as numbers, cast to the appropriate data type before plotting.
[2026-06-12T14:42:26.804+0000] {logging_mixin.py:188} INFO - Charts refreshed in /opt/***/datamart/gold/monitoring_viz
[2026-06-12T14:42:26.805+0000] {python.py:237} INFO - Done. Returned value was: None
[2026-06-12T14:42:26.806+0000] {taskinstance.py:441} INFO - ::group::Post task execution logs
[2026-06-12T14:42:26.815+0000] {taskinstance.py:1206} INFO - Marking task as SUCCESS. dag_id=loan_default_ml_pipeline, task_id=run_model_monitoring, run_id=scheduled__2024-07-01T00:00:00+00:00, execution_date=20240701T000000, start_date=20260612T144223, end_date=20260612T144226
[2026-06-12T14:42:26.874+0000] {local_task_job_runner.py:243} INFO - Task exited with return code 0
[2026-06-12T14:42:26.886+0000] {taskinstance.py:3503} INFO - 0 downstream tasks scheduled from follow-on schedule check
[2026-06-12T14:42:26.889+0000] {local_task_job_runner.py:222} INFO - ::endgroup::
