[2026-06-12T14:17:00.972+0000] {local_task_job_runner.py:120} INFO - ::group::Pre task execution logs
[2026-06-12T14:17:01.009+0000] {taskinstance.py:2076} INFO - Dependencies all met for dep_context=non-requeueable deps ti=<TaskInstance: loan_default_ml_pipeline.gate_training scheduled__2024-07-01T00:00:00+00:00 [queued]>
[2026-06-12T14:17:01.020+0000] {taskinstance.py:2076} INFO - Dependencies all met for dep_context=requeueable deps ti=<TaskInstance: loan_default_ml_pipeline.gate_training scheduled__2024-07-01T00:00:00+00:00 [queued]>
[2026-06-12T14:17:01.021+0000] {taskinstance.py:2306} INFO - Starting attempt 1 of 1
[2026-06-12T14:17:01.040+0000] {taskinstance.py:2330} INFO - Executing <Task(ShortCircuitOperator): gate_training> on 2024-07-01 00:00:00+00:00
[2026-06-12T14:17:01.046+0000] {standard_task_runner.py:64} INFO - Started process 3966 to run task
[2026-06-12T14:17:01.049+0000] {standard_task_runner.py:90} INFO - Running: ['***', 'tasks', 'run', 'loan_default_ml_pipeline', 'gate_training', 'scheduled__2024-07-01T00:00:00+00:00', '--job-id', '82', '--raw', '--subdir', 'DAGS_FOLDER/ml_pipeline_dag.py', '--cfg-path', '/tmp/tmptp5372p9']
[2026-06-12T14:17:01.053+0000] {standard_task_runner.py:91} INFO - Job 82: Subtask gate_training
[2026-06-12T14:17:01.115+0000] {task_command.py:426} INFO - Running <TaskInstance: loan_default_ml_pipeline.gate_training scheduled__2024-07-01T00:00:00+00:00 [running]> on host f330f4bbcab3
[2026-06-12T14:17:01.396+0000] {taskinstance.py:2648} INFO - Exporting env vars: AIRFLOW_CTX_DAG_OWNER='mle' AIRFLOW_CTX_DAG_ID='loan_default_ml_pipeline' AIRFLOW_CTX_TASK_ID='gate_training' AIRFLOW_CTX_EXECUTION_DATE='2024-07-01T00:00:00+00:00' AIRFLOW_CTX_TRY_NUMBER='1' AIRFLOW_CTX_DAG_RUN_ID='scheduled__2024-07-01T00:00:00+00:00'
[2026-06-12T14:17:01.397+0000] {taskinstance.py:430} INFO - ::endgroup::
[2026-06-12T14:17:01.409+0000] {baseoperator.py:400} WARNING - ShortCircuitOperator.execute cannot be called outside TaskInstance!
[2026-06-12T14:17:01.411+0000] {python.py:237} INFO - Done. Returned value was: False
[2026-06-12T14:17:01.412+0000] {python.py:304} INFO - Condition result is False
[2026-06-12T14:17:01.413+0000] {python.py:331} INFO - Skipping downstream tasks
[2026-06-12T14:17:01.446+0000] {python.py:339} INFO - Done.
[2026-06-12T14:17:01.447+0000] {taskinstance.py:441} INFO - ::group::Post task execution logs
[2026-06-12T14:17:01.475+0000] {taskinstance.py:1206} INFO - Marking task as SUCCESS. dag_id=loan_default_ml_pipeline, task_id=gate_training, run_id=scheduled__2024-07-01T00:00:00+00:00, execution_date=20240701T000000, start_date=20260612T141701, end_date=20260612T141701
[2026-06-12T14:17:01.544+0000] {local_task_job_runner.py:243} INFO - Task exited with return code 0
[2026-06-12T14:17:01.574+0000] {taskinstance.py:3503} INFO - 0 downstream tasks scheduled from follow-on schedule check
[2026-06-12T14:17:01.580+0000] {local_task_job_runner.py:222} INFO - ::endgroup::
