[2026-06-12T14:16:40.666+0000] {local_task_job_runner.py:120} INFO - ::group::Pre task execution logs
[2026-06-12T14:16:40.706+0000] {taskinstance.py:2076} INFO - Dependencies all met for dep_context=non-requeueable deps ti=<TaskInstance: loan_default_ml_pipeline.gate_training scheduled__2024-05-01T00:00:00+00:00 [queued]>
[2026-06-12T14:16:40.718+0000] {taskinstance.py:2076} INFO - Dependencies all met for dep_context=requeueable deps ti=<TaskInstance: loan_default_ml_pipeline.gate_training scheduled__2024-05-01T00:00:00+00:00 [queued]>
[2026-06-12T14:16:40.721+0000] {taskinstance.py:2306} INFO - Starting attempt 1 of 1
[2026-06-12T14:16:40.738+0000] {taskinstance.py:2330} INFO - Executing <Task(ShortCircuitOperator): gate_training> on 2024-05-01 00:00:00+00:00
[2026-06-12T14:16:40.747+0000] {standard_task_runner.py:64} INFO - Started process 3729 to run task
[2026-06-12T14:16:40.751+0000] {standard_task_runner.py:90} INFO - Running: ['***', 'tasks', 'run', 'loan_default_ml_pipeline', 'gate_training', 'scheduled__2024-05-01T00:00:00+00:00', '--job-id', '72', '--raw', '--subdir', 'DAGS_FOLDER/ml_pipeline_dag.py', '--cfg-path', '/tmp/tmpxgw74dax']
[2026-06-12T14:16:40.754+0000] {standard_task_runner.py:91} INFO - Job 72: Subtask gate_training
[2026-06-12T14:16:40.815+0000] {task_command.py:426} INFO - Running <TaskInstance: loan_default_ml_pipeline.gate_training scheduled__2024-05-01T00:00:00+00:00 [running]> on host f330f4bbcab3
[2026-06-12T14:16:41.093+0000] {taskinstance.py:2648} INFO - Exporting env vars: AIRFLOW_CTX_DAG_OWNER='mle' AIRFLOW_CTX_DAG_ID='loan_default_ml_pipeline' AIRFLOW_CTX_TASK_ID='gate_training' AIRFLOW_CTX_EXECUTION_DATE='2024-05-01T00:00:00+00:00' AIRFLOW_CTX_TRY_NUMBER='1' AIRFLOW_CTX_DAG_RUN_ID='scheduled__2024-05-01T00:00:00+00:00'
[2026-06-12T14:16:41.094+0000] {taskinstance.py:430} INFO - ::endgroup::
[2026-06-12T14:16:41.107+0000] {baseoperator.py:400} WARNING - ShortCircuitOperator.execute cannot be called outside TaskInstance!
[2026-06-12T14:16:41.108+0000] {python.py:237} INFO - Done. Returned value was: False
[2026-06-12T14:16:41.109+0000] {python.py:304} INFO - Condition result is False
[2026-06-12T14:16:41.110+0000] {python.py:331} INFO - Skipping downstream tasks
[2026-06-12T14:16:41.144+0000] {python.py:339} INFO - Done.
[2026-06-12T14:16:41.145+0000] {taskinstance.py:441} INFO - ::group::Post task execution logs
[2026-06-12T14:16:41.172+0000] {taskinstance.py:1206} INFO - Marking task as SUCCESS. dag_id=loan_default_ml_pipeline, task_id=gate_training, run_id=scheduled__2024-05-01T00:00:00+00:00, execution_date=20240501T000000, start_date=20260612T141640, end_date=20260612T141641
[2026-06-12T14:16:41.208+0000] {local_task_job_runner.py:243} INFO - Task exited with return code 0
[2026-06-12T14:16:41.241+0000] {taskinstance.py:3503} INFO - 0 downstream tasks scheduled from follow-on schedule check
[2026-06-12T14:16:41.246+0000] {local_task_job_runner.py:222} INFO - ::endgroup::
